[INFO ] 2025-11-20 16:09:17.521 [restartedMain] [paypal-provider-service-PPS] com.example.demo.PayPalProviderServiceDemoApplication - Starting PayPalProviderServiceDemoApplication using Java 21.0.7 with PID 10112 (D:\SpringWebProj\PayPalProviderServiceDemo\target\classes started by DELL in D:\SpringWebProj\PayPalProviderServiceDemo)
[DEBUG] 2025-11-20 16:09:17.522 [restartedMain] [paypal-provider-service-PPS] com.example.demo.PayPalProviderServiceDemoApplication - Running with Spring Boot v3.5.7, Spring v6.2.12
[INFO ] 2025-11-20 16:09:17.537 [restartedMain] [paypal-provider-service-PPS] com.example.demo.PayPalProviderServiceDemoApplication - The following 1 profile is active: "local"
[INFO ] 2025-11-20 16:09:18.828 [restartedMain] [paypal-provider-service-PPS] org.springframework.data.repository.config.RepositoryConfigurationDelegate - Multiple Spring Data modules found, entering strict repository configuration mode
[INFO ] 2025-11-20 16:09:18.828 [restartedMain] [paypal-provider-service-PPS] org.springframework.data.repository.config.RepositoryConfigurationDelegate - Bootstrapping Spring Data Redis repositories in DEFAULT mode.
[INFO ] 2025-11-20 16:09:18.849 [restartedMain] [paypal-provider-service-PPS] org.springframework.data.repository.config.RepositoryConfigurationDelegate - Finished Spring Data repository scanning in 17 ms. Found 0 Redis repository interfaces.
[INFO ] 2025-11-20 16:09:19.019 [restartedMain] [paypal-provider-service-PPS] org.springframework.boot.web.embedded.tomcat.TomcatWebServer - Tomcat initialized with port 8083 (http)
[INFO ] 2025-11-20 16:09:19.021 [restartedMain] [paypal-provider-service-PPS] org.apache.coyote.http11.Http11NioProtocol - Initializing ProtocolHandler ["http-nio-8083"]
[INFO ] 2025-11-20 16:09:19.022 [restartedMain] [paypal-provider-service-PPS] org.apache.catalina.core.StandardService - Starting service [Tomcat]
[INFO ] 2025-11-20 16:09:19.022 [restartedMain] [paypal-provider-service-PPS] org.apache.catalina.core.StandardEngine - Starting Servlet engine: [Apache Tomcat/10.1.48]
[INFO ] 2025-11-20 16:09:19.067 [restartedMain] [paypal-provider-service-PPS] org.apache.catalina.core.ContainerBase.[Tomcat].[localhost].[/] - Initializing Spring embedded WebApplicationContext
[INFO ] 2025-11-20 16:09:19.068 [restartedMain] [paypal-provider-service-PPS] org.springframework.boot.web.servlet.context.ServletWebServerApplicationContext - Root WebApplicationContext: initialization completed in 1504 ms
[INFO ] 2025-11-20 16:09:19.252 [restartedMain] [paypal-provider-service-PPS] com.example.demo.config.CustomConfig - Redis cache configuration ...
[INFO ] 2025-11-20 16:09:19.435 [restartedMain] [paypal-provider-service-PPS] org.springframework.validation.beanvalidation.OptionalValidatorFactoryBean - Failed to set up a Bean Validation provider: jakarta.validation.NoProviderFoundException: Unable to create a Configuration, because no Jakarta Bean Validation provider could be found. Add a provider like Hibernate Validator (RI) to your classpath.
[INFO ] 2025-11-20 16:09:19.866 [restartedMain] [paypal-provider-service-PPS] org.springframework.boot.devtools.autoconfigure.OptionalLiveReloadServer - LiveReload server is running on port 35729
[INFO ] 2025-11-20 16:09:19.871 [restartedMain] [paypal-provider-service-PPS] org.springframework.boot.actuate.endpoint.web.EndpointLinksResolver - Exposing 13 endpoints beneath base path '/actuator'
[INFO ] 2025-11-20 16:09:19.930 [restartedMain] [paypal-provider-service-PPS] org.apache.coyote.http11.Http11NioProtocol - Starting ProtocolHandler ["http-nio-8083"]
[INFO ] 2025-11-20 16:09:19.935 [restartedMain] [paypal-provider-service-PPS] org.springframework.boot.web.embedded.tomcat.TomcatWebServer - Tomcat started on port 8083 (http) with context path '/'
[INFO ] 2025-11-20 16:09:19.967 [restartedMain] [paypal-provider-service-PPS] com.example.demo.PayPalProviderServiceDemoApplication - Started PayPalProviderServiceDemoApplication in 3.036 seconds (process running for 50.712)
[INFO ] 2025-11-20 16:09:26.483 [File Watcher] [paypal-provider-service-PPS] org.springframework.boot.devtools.autoconfigure.LocalDevToolsAutoConfiguration$RestartingClassPathChangeChangedEventListener - Restarting due to 1 class path change (0 additions, 0 deletions, 1 modification)
[INFO ] 2025-11-20 16:09:26.487 [Thread-7] [paypal-provider-service-PPS] org.springframework.boot.web.embedded.tomcat.GracefulShutdown - Commencing graceful shutdown. Waiting for active requests to complete
[INFO ] 2025-11-20 16:09:26.489 [tomcat-shutdown] [paypal-provider-service-PPS] org.apache.coyote.http11.Http11NioProtocol - Pausing ProtocolHandler ["http-nio-8083"]
[INFO ] 2025-11-20 16:09:26.500 [tomcat-shutdown] [paypal-provider-service-PPS] org.springframework.boot.web.embedded.tomcat.GracefulShutdown - Graceful shutdown complete
[INFO ] 2025-11-20 16:09:26.502 [Thread-7] [paypal-provider-service-PPS] org.apache.coyote.http11.Http11NioProtocol - Stopping ProtocolHandler ["http-nio-8083"]
[INFO ] 2025-11-20 16:09:26.734 [restartedMain] [paypal-provider-service-PPS] com.example.demo.PayPalProviderServiceDemoApplication - Starting PayPalProviderServiceDemoApplication using Java 21.0.7 with PID 10112 (D:\SpringWebProj\PayPalProviderServiceDemo\target\classes started by DELL in D:\SpringWebProj\PayPalProviderServiceDemo)
[DEBUG] 2025-11-20 16:09:26.735 [restartedMain] [paypal-provider-service-PPS] com.example.demo.PayPalProviderServiceDemoApplication - Running with Spring Boot v3.5.7, Spring v6.2.12
[INFO ] 2025-11-20 16:09:26.735 [restartedMain] [paypal-provider-service-PPS] com.example.demo.PayPalProviderServiceDemoApplication - The following 1 profile is active: "local"
[INFO ] 2025-11-20 16:09:27.814 [restartedMain] [paypal-provider-service-PPS] org.springframework.data.repository.config.RepositoryConfigurationDelegate - Multiple Spring Data modules found, entering strict repository configuration mode
[INFO ] 2025-11-20 16:09:27.814 [restartedMain] [paypal-provider-service-PPS] org.springframework.data.repository.config.RepositoryConfigurationDelegate - Bootstrapping Spring Data Redis repositories in DEFAULT mode.
[INFO ] 2025-11-20 16:09:27.826 [restartedMain] [paypal-provider-service-PPS] org.springframework.data.repository.config.RepositoryConfigurationDelegate - Finished Spring Data repository scanning in 9 ms. Found 0 Redis repository interfaces.
[INFO ] 2025-11-20 16:09:27.973 [restartedMain] [paypal-provider-service-PPS] org.springframework.boot.web.embedded.tomcat.TomcatWebServer - Tomcat initialized with port 8083 (http)
[INFO ] 2025-11-20 16:09:27.974 [restartedMain] [paypal-provider-service-PPS] org.apache.coyote.http11.Http11NioProtocol - Initializing ProtocolHandler ["http-nio-8083"]
[INFO ] 2025-11-20 16:09:27.975 [restartedMain] [paypal-provider-service-PPS] org.apache.catalina.core.StandardService - Starting service [Tomcat]
[INFO ] 2025-11-20 16:09:27.975 [restartedMain] [paypal-provider-service-PPS] org.apache.catalina.core.StandardEngine - Starting Servlet engine: [Apache Tomcat/10.1.48]
[INFO ] 2025-11-20 16:09:28.015 [restartedMain] [paypal-provider-service-PPS] org.apache.catalina.core.ContainerBase.[Tomcat].[localhost].[/] - Initializing Spring embedded WebApplicationContext
[INFO ] 2025-11-20 16:09:28.015 [restartedMain] [paypal-provider-service-PPS] org.springframework.boot.web.servlet.context.ServletWebServerApplicationContext - Root WebApplicationContext: initialization completed in 1273 ms
[INFO ] 2025-11-20 16:09:28.324 [restartedMain] [paypal-provider-service-PPS] com.example.demo.config.CustomConfig - Redis cache configuration ...
[INFO ] 2025-11-20 16:09:28.426 [restartedMain] [paypal-provider-service-PPS] org.springframework.validation.beanvalidation.OptionalValidatorFactoryBean - Failed to set up a Bean Validation provider: jakarta.validation.NoProviderFoundException: Unable to create a Configuration, because no Jakarta Bean Validation provider could be found. Add a provider like Hibernate Validator (RI) to your classpath.
[INFO ] 2025-11-20 16:09:28.771 [restartedMain] [paypal-provider-service-PPS] org.springframework.boot.devtools.autoconfigure.OptionalLiveReloadServer - LiveReload server is running on port 35729
[INFO ] 2025-11-20 16:09:28.779 [restartedMain] [paypal-provider-service-PPS] org.springframework.boot.actuate.endpoint.web.EndpointLinksResolver - Exposing 13 endpoints beneath base path '/actuator'
[INFO ] 2025-11-20 16:09:28.830 [restartedMain] [paypal-provider-service-PPS] org.apache.coyote.http11.Http11NioProtocol - Starting ProtocolHandler ["http-nio-8083"]
[INFO ] 2025-11-20 16:09:28.838 [restartedMain] [paypal-provider-service-PPS] org.springframework.boot.web.embedded.tomcat.TomcatWebServer - Tomcat started on port 8083 (http) with context path '/'
[INFO ] 2025-11-20 16:09:28.865 [restartedMain] [paypal-provider-service-PPS] com.example.demo.PayPalProviderServiceDemoApplication - Started PayPalProviderServiceDemoApplication in 2.237 seconds (process running for 59.609)
[INFO ] 2025-11-20 16:09:28.869 [restartedMain] [paypal-provider-service-PPS] org.springframework.boot.devtools.autoconfigure.ConditionEvaluationDeltaLoggingListener - Condition evaluation unchanged
[INFO ] 2025-11-20 16:10:22.806 [File Watcher] [paypal-provider-service-PPS] org.springframework.boot.devtools.autoconfigure.LocalDevToolsAutoConfiguration$RestartingClassPathChangeChangedEventListener - Restarting due to 1 class path change (0 additions, 0 deletions, 1 modification)
[INFO ] 2025-11-20 16:10:22.813 [Thread-11] [paypal-provider-service-PPS] org.springframework.boot.web.embedded.tomcat.GracefulShutdown - Commencing graceful shutdown. Waiting for active requests to complete
[INFO ] 2025-11-20 16:10:22.817 [tomcat-shutdown] [paypal-provider-service-PPS] org.apache.coyote.http11.Http11NioProtocol - Pausing ProtocolHandler ["http-nio-8083"]
[INFO ] 2025-11-20 16:10:22.856 [tomcat-shutdown] [paypal-provider-service-PPS] org.springframework.boot.web.embedded.tomcat.GracefulShutdown - Graceful shutdown complete
[INFO ] 2025-11-20 16:10:22.857 [Thread-11] [paypal-provider-service-PPS] org.apache.coyote.http11.Http11NioProtocol - Stopping ProtocolHandler ["http-nio-8083"]
[INFO ] 2025-11-20 16:10:23.050 [restartedMain] [paypal-provider-service-PPS] com.example.demo.PayPalProviderServiceDemoApplication - Starting PayPalProviderServiceDemoApplication using Java 21.0.7 with PID 10112 (D:\SpringWebProj\PayPalProviderServiceDemo\target\classes started by DELL in D:\SpringWebProj\PayPalProviderServiceDemo)
[DEBUG] 2025-11-20 16:10:23.050 [restartedMain] [paypal-provider-service-PPS] com.example.demo.PayPalProviderServiceDemoApplication - Running with Spring Boot v3.5.7, Spring v6.2.12
[INFO ] 2025-11-20 16:10:23.050 [restartedMain] [paypal-provider-service-PPS] com.example.demo.PayPalProviderServiceDemoApplication - The following 1 profile is active: "local"
[INFO ] 2025-11-20 16:10:23.921 [restartedMain] [paypal-provider-service-PPS] org.springframework.data.repository.config.RepositoryConfigurationDelegate - Multiple Spring Data modules found, entering strict repository configuration mode
[INFO ] 2025-11-20 16:10:23.921 [restartedMain] [paypal-provider-service-PPS] org.springframework.data.repository.config.RepositoryConfigurationDelegate - Bootstrapping Spring Data Redis repositories in DEFAULT mode.
[INFO ] 2025-11-20 16:10:23.983 [restartedMain] [paypal-provider-service-PPS] org.springframework.data.repository.config.RepositoryConfigurationDelegate - Finished Spring Data repository scanning in 59 ms. Found 0 Redis repository interfaces.
[INFO ] 2025-11-20 16:10:24.221 [restartedMain] [paypal-provider-service-PPS] org.springframework.boot.web.embedded.tomcat.TomcatWebServer - Tomcat initialized with port 8083 (http)
[INFO ] 2025-11-20 16:10:24.222 [restartedMain] [paypal-provider-service-PPS] org.apache.coyote.http11.Http11NioProtocol - Initializing ProtocolHandler ["http-nio-8083"]
[INFO ] 2025-11-20 16:10:24.222 [restartedMain] [paypal-provider-service-PPS] org.apache.catalina.core.StandardService - Starting service [Tomcat]
[INFO ] 2025-11-20 16:10:24.223 [restartedMain] [paypal-provider-service-PPS] org.apache.catalina.core.StandardEngine - Starting Servlet engine: [Apache Tomcat/10.1.48]
[INFO ] 2025-11-20 16:10:24.299 [restartedMain] [paypal-provider-service-PPS] org.apache.catalina.core.ContainerBase.[Tomcat].[localhost].[/] - Initializing Spring embedded WebApplicationContext
[INFO ] 2025-11-20 16:10:24.300 [restartedMain] [paypal-provider-service-PPS] org.springframework.boot.web.servlet.context.ServletWebServerApplicationContext - Root WebApplicationContext: initialization completed in 1247 ms
[INFO ] 2025-11-20 16:10:24.674 [restartedMain] [paypal-provider-service-PPS] com.example.demo.config.CustomConfig - Redis cache configuration ...
[INFO ] 2025-11-20 16:10:24.824 [restartedMain] [paypal-provider-service-PPS] org.springframework.validation.beanvalidation.OptionalValidatorFactoryBean - Failed to set up a Bean Validation provider: jakarta.validation.NoProviderFoundException: Unable to create a Configuration, because no Jakarta Bean Validation provider could be found. Add a provider like Hibernate Validator (RI) to your classpath.
[INFO ] 2025-11-20 16:10:25.456 [restartedMain] [paypal-provider-service-PPS] org.springframework.boot.devtools.autoconfigure.OptionalLiveReloadServer - LiveReload server is running on port 35729
[INFO ] 2025-11-20 16:10:25.470 [restartedMain] [paypal-provider-service-PPS] org.springframework.boot.actuate.endpoint.web.EndpointLinksResolver - Exposing 13 endpoints beneath base path '/actuator'
[INFO ] 2025-11-20 16:10:25.571 [restartedMain] [paypal-provider-service-PPS] org.apache.coyote.http11.Http11NioProtocol - Starting ProtocolHandler ["http-nio-8083"]
[INFO ] 2025-11-20 16:10:25.585 [restartedMain] [paypal-provider-service-PPS] org.springframework.boot.web.embedded.tomcat.TomcatWebServer - Tomcat started on port 8083 (http) with context path '/'
[INFO ] 2025-11-20 16:10:25.627 [restartedMain] [paypal-provider-service-PPS] com.example.demo.PayPalProviderServiceDemoApplication - Started PayPalProviderServiceDemoApplication in 2.62 seconds (process running for 116.37)
[INFO ] 2025-11-20 16:10:25.633 [restartedMain] [paypal-provider-service-PPS] org.springframework.boot.devtools.autoconfigure.ConditionEvaluationDeltaLoggingListener - Condition evaluation unchanged
[INFO ] 2025-11-20 16:10:45.111 [http-nio-8083-exec-2] [paypal-provider-service-PPS] org.apache.catalina.core.ContainerBase.[Tomcat].[localhost].[/] - Initializing Spring DispatcherServlet 'dispatcherServlet'
[INFO ] 2025-11-20 16:10:45.112 [http-nio-8083-exec-2] [paypal-provider-service-PPS] org.springframework.web.servlet.DispatcherServlet - Initializing Servlet 'dispatcherServlet'
[INFO ] 2025-11-20 16:10:45.118 [http-nio-8083-exec-2] [paypal-provider-service-PPS] org.springframework.web.servlet.DispatcherServlet - Completed initialization in 6 ms
[INFO ] 2025-11-20 16:10:45.402 [http-nio-8083-exec-2] [paypal-provider-service-PPS] com.example.demo.controller.PaymentController - Create order request in paypal || CreateOrderReq : CreateOrderReq(currencyCode=USD, amount=32.0, returnUrl=https://example.com/return543Url, cancelUrl=https://example.com/cance543Url) 
[INFO ] 2025-11-20 16:10:45.412 [http-nio-8083-exec-2] [paypal-provider-service-PPS] com.example.demo.service.impl.PaymentServiceImpl - Create order request in payment service impl || CreateOrderReq : CreateOrderReq(currencyCode=USD, amount=32.0, returnUrl=https://example.com/return543Url, cancelUrl=https://example.com/cance543Url) 
[DEBUG] 2025-11-20 16:10:45.412 [http-nio-8083-exec-2] [paypal-provider-service-PPS] com.example.demo.service.TokenService - debugging
[INFO ] 2025-11-20 16:10:45.413 [http-nio-8083-exec-2] [paypal-provider-service-PPS] com.example.demo.service.TokenService - info
[WARN ] 2025-11-20 16:10:45.413 [http-nio-8083-exec-2] [paypal-provider-service-PPS] com.example.demo.service.TokenService - wraning
[ERROR] 2025-11-20 16:10:45.414 [http-nio-8083-exec-2] [paypal-provider-service-PPS] com.example.demo.service.TokenService - error 
[INFO ] 2025-11-20 16:10:45.414 [http-nio-8083-exec-2] [paypal-provider-service-PPS] com.example.demo.service.TokenService - getting access token from TOKEN SERVICE
[INFO ] 2025-11-20 16:10:45.415 [http-nio-8083-exec-2] [paypal-provider-service-PPS] com.example.demo.service.TokenService - No accessToken found in redis, making OAuth api call to PayPal...
[INFO ] 2025-11-20 16:10:45.428 [http-nio-8083-exec-2] [paypal-provider-service-PPS] com.example.demo.service.TokenService - Http request : HttpRequest(url=https://api-m.sandbox.paypal.com/v1/oauth2/token, httpMethod=POST, headers=[Authorization:"Basic QVlfcmRwN3dfa2FEQ2ZZSVlmZFJTWVpGa21VVVBveC1fVE8zR1BUejhfWW91aUxwUENaUkk1UGRSUC1kQ3BhbE40cTBVTGUwYUpuejJ0dkI6RURMRkNRenl4bGpEQkFYbERTRE9hZTlieFJUbWhSOXl5TW5NSXNWNmJ3SHRDbDVGSlhyUXpiVEFqMUs1Mi1rdHhGQmtLa3JHRFVSU2t1dnY=", Content-Type:"application/x-www-form-urlencoded"], body={grant_type=[client_credentials]}) 
[INFO ] 2025-11-20 16:10:47.593 [http-nio-8083-exec-2] [paypal-provider-service-PPS] com.example.demo.http.HttpServiceEngine - Http response : <200 OK OK,{"scope":"https://uri.paypal.com/services/invoicing https://uri.paypal.com/services/checkout/one-click-with-merchant-issued-token https://uri.paypal.com/services/payments/futurepayments https://uri.paypal.com/services/vault/payment-tokens/read https://uri.paypal.com/services/disputes/read-buyer https://uri.paypal.com/services/payments/realtimepayment https://uri.paypal.com/services/subscriptions/confirm-payment https://uri.paypal.com/services/payments/client-payments-eligibility https://api.paypal.com/v1/vault/credit-card https://api.paypal.com/v1/payments/.* https://uri.paypal.com/services/vault/payment-tokens/readwrite https://uri.paypal.com/services/applications/webhooks https://uri.paypal.com/services/pricing/exchange-currency/read https://uri.paypal.com/services/credit/client-offer-presentment/read https://uri.paypal.com/services/disputes/update-seller https://uri.paypal.com/services/payments/payment/authcapture openid Braintree:Vault https://uri.paypal.com/services/disputes/read-seller https://uri.paypal.com/services/payments/orders/client_sdk_orders_api https://uri.paypal.com/services/payments/refund https://uri.paypal.com/services/disputes/create https://uri.paypal.com/services/pricing/quote-exchange-rates/read https://uri.paypal.com/services/documents/disputes/download https://uri.paypal.com/services/billing-agreements https://uri.paypal.com/payments/payouts https://api.paypal.com/v1/vault/credit-card/.* https://uri.paypal.com/services/subscriptions","access_token":"A21AAIMICHhh91NU-tNQWV-bim5c_icvOD6fw12IGlK-bWvU0QhMyRu9X5QTvbrdsJAStd6AQMzu-FFeGQ04ZxSSqI9I3RJXQ","token_type":"Bearer","app_id":"APP-0KA15837D02733232","expires_in":32400,"nonce":"2025-11-20T10:40:45ZiyfBJpWNI1O6MxZ1ejcVNs9px4UiWDIfISHKmw6i7KM"},[Connection:"keep-alive", Content-Type:"application/json", Server:"nginx", Access-Control-Expose-Headers:"Server-Timing", Cache-Control:"max-age=0, no-cache, no-store, must-revalidate", Paypal-Debug-Id:"f1609071b27d3", Pragma:"no-cache", Server-Timing:"traceparent;desc="00-0000000000000000000f1609071b27d3-f1cfa58ff0489d36-01"", X-Paypal-Token-Service:"IAAS", HTTP_X_PP_AZ_LOCATOR:"ccg18.slc", Strict-Transport-Security:"max-age=31536000; includeSubDomains", Accept-Ranges:"none", Via:"1.1 varnish, 1.1 varnish", Edge-Control:"max-age=0", Date:"Thu, 20 Nov 2025 10:40:45 GMT", X-Served-By:"cache-qpg1280-QPG, cache-hyd1100034-HYD", X-Cache:"MISS, MISS", X-Cache-Hits:"0, 0", X-Timer:"S1763635245.450917,VS0,VE415", Vary:"Accept-Encoding", transfer-encoding:"chunked"]> 
[INFO ] 2025-11-20 16:10:47.631 [http-nio-8083-exec-2] [paypal-provider-service-PPS] com.example.demo.service.TokenService - New access token generated and stored in Redis
[INFO ] 2025-11-20 16:10:47.632 [http-nio-8083-exec-2] [paypal-provider-service-PPS] com.example.demo.service.impl.PaymentServiceImpl - access_token from token service 
[INFO ] 2025-11-20 16:10:47.655 [http-nio-8083-exec-2] [paypal-provider-service-PPS] com.example.demo.service.helper.CreateOrderHelperReq - create order request object : OrderRequest(intent=CAPTURE, purchaseUnits=[PurchaseUnits(amount=Amount(currencyCode=USD, value=32.00))], paymentSource=PaymentSource(paypal=Paypal(experienceContext=ExperienceContext(paymentMethodPreference=IMMEDIATE_PAYMENT_REQUIRED, landingPage=LOGIN, shippingPreference=NO_SHIPPING, userAction=PAY_NOW, returnUrl=https://example.com/return543Url, cancelUrl=https://example.com/cance543Url))))
[INFO ] 2025-11-20 16:10:47.710 [http-nio-8083-exec-2] [paypal-provider-service-PPS] com.example.demo.service.helper.CreateOrderHelperReq - Create Order Request JSON: 
{"intent":"CAPTURE","purchase_units":[{"amount":{"currency_code":"USD","value":"32.00"}}],"payment_source":{"paypal":{"experience_context":{"payment_method_preference":"IMMEDIATE_PAYMENT_REQUIRED","landing_page":"LOGIN","shipping_preference":"NO_SHIPPING","user_action":"PAY_NOW","return_url":"https://example.com/return543Url","cancel_url":"https://example.com/cance543Url"}}}}
[INFO ] 2025-11-20 16:10:47.711 [http-nio-8083-exec-2] [paypal-provider-service-PPS] com.example.demo.service.helper.CreateOrderHelperReq - Prepared HTTP Request for Create Order : HttpRequest(url=https://api-m.sandbox.paypal.com/v2/checkout/orders, httpMethod=POST, headers=[PayPal-Request-Id:"16998fe4-70fd-4bf0-8a5c-b7e5901fecea", Authorization:"Bearer A21AAIMICHhh91NU-tNQWV-bim5c_icvOD6fw12IGlK-bWvU0QhMyRu9X5QTvbrdsJAStd6AQMzu-FFeGQ04ZxSSqI9I3RJXQ", Content-Type:"application/json"], body={"intent":"CAPTURE","purchase_units":[{"amount":{"currency_code":"USD","value":"32.00"}}],"payment_source":{"paypal":{"experience_context":{"payment_method_preference":"IMMEDIATE_PAYMENT_REQUIRED","landing_page":"LOGIN","shipping_preference":"NO_SHIPPING","user_action":"PAY_NOW","return_url":"https://example.com/return543Url","cancel_url":"https://example.com/cance543Url"}}}}) 
[INFO ] 2025-11-20 16:10:49.139 [http-nio-8083-exec-2] [paypal-provider-service-PPS] com.example.demo.http.HttpServiceEngine - Http response : <200 OK OK,{"id":"05V30641JJ029273K","status":"PAYER_ACTION_REQUIRED","payment_source":{"paypal":{}},"links":[{"href":"https://api.sandbox.paypal.com/v2/checkout/orders/05V30641JJ029273K","rel":"self","method":"GET"},{"href":"https://www.sandbox.paypal.com/checkoutnow?token=05V30641JJ029273K","rel":"payer-action","method":"GET"}]},[Connection:"keep-alive", Content-Type:"application/json", Server:"nginx", Access-Control-Expose-Headers:"Server-Timing", Cache-Control:"max-age=0, no-cache, no-store, must-revalidate", Paypal-Debug-Id:"f748105962ebc", Server-Timing:"traceparent;desc="00-0000000000000000000f748105962ebc-9d7b44d6d5acb44c-01"", HTTP_X_PP_AZ_LOCATOR:"ccg18.slc", Strict-Transport-Security:"max-age=31536000; includeSubDomains", Accept-Ranges:"none", Via:"1.1 varnish, 1.1 varnish", Edge-Control:"max-age=0", Date:"Thu, 20 Nov 2025 10:40:47 GMT", X-Served-By:"cache-qpg1224-QPG, cache-hyd1100034-HYD", X-Cache:"MISS, MISS", X-Cache-Hits:"0, 0", X-Timer:"S1763635246.315855,VS0,VE1192", Vary:"Accept-Encoding", transfer-encoding:"chunked"]> 
[INFO ] 2025-11-20 16:10:49.141 [http-nio-8083-exec-2] [paypal-provider-service-PPS] com.example.demo.service.impl.PaymentServiceImpl - HTTP Response from Create Order : <200 OK OK,{"id":"05V30641JJ029273K","status":"PAYER_ACTION_REQUIRED","payment_source":{"paypal":{}},"links":[{"href":"https://api.sandbox.paypal.com/v2/checkout/orders/05V30641JJ029273K","rel":"self","method":"GET"},{"href":"https://www.sandbox.paypal.com/checkoutnow?token=05V30641JJ029273K","rel":"payer-action","method":"GET"}]},[Connection:"keep-alive", Content-Type:"application/json", Server:"nginx", Access-Control-Expose-Headers:"Server-Timing", Cache-Control:"max-age=0, no-cache, no-store, must-revalidate", Paypal-Debug-Id:"f748105962ebc", Server-Timing:"traceparent;desc="00-0000000000000000000f748105962ebc-9d7b44d6d5acb44c-01"", HTTP_X_PP_AZ_LOCATOR:"ccg18.slc", Strict-Transport-Security:"max-age=31536000; includeSubDomains", Accept-Ranges:"none", Via:"1.1 varnish, 1.1 varnish", Edge-Control:"max-age=0", Date:"Thu, 20 Nov 2025 10:40:47 GMT", X-Served-By:"cache-qpg1224-QPG, cache-hyd1100034-HYD", X-Cache:"MISS, MISS", X-Cache-Hits:"0, 0", X-Timer:"S1763635246.315855,VS0,VE1192", Vary:"Accept-Encoding", transfer-encoding:"chunked"]>  
[INFO ] 2025-11-20 16:10:49.143 [http-nio-8083-exec-2] [paypal-provider-service-PPS] com.example.demo.service.helper.CreateOrderHelperRes - Handling PayPal response in PayPalServiceImpl  || httpResponse : <200 OK OK,{"id":"05V30641JJ029273K","status":"PAYER_ACTION_REQUIRED","payment_source":{"paypal":{}},"links":[{"href":"https://api.sandbox.paypal.com/v2/checkout/orders/05V30641JJ029273K","rel":"self","method":"GET"},{"href":"https://www.sandbox.paypal.com/checkoutnow?token=05V30641JJ029273K","rel":"payer-action","method":"GET"}]},[Connection:"keep-alive", Content-Type:"application/json", Server:"nginx", Access-Control-Expose-Headers:"Server-Timing", Cache-Control:"max-age=0, no-cache, no-store, must-revalidate", Paypal-Debug-Id:"f748105962ebc", Server-Timing:"traceparent;desc="00-0000000000000000000f748105962ebc-9d7b44d6d5acb44c-01"", HTTP_X_PP_AZ_LOCATOR:"ccg18.slc", Strict-Transport-Security:"max-age=31536000; includeSubDomains", Accept-Ranges:"none", Via:"1.1 varnish, 1.1 varnish", Edge-Control:"max-age=0", Date:"Thu, 20 Nov 2025 10:40:47 GMT", X-Served-By:"cache-qpg1224-QPG, cache-hyd1100034-HYD", X-Cache:"MISS, MISS", X-Cache-Hits:"0, 0", X-Timer:"S1763635246.315855,VS0,VE1192", Vary:"Accept-Encoding", transfer-encoding:"chunked"]>
[INFO ] 2025-11-20 16:10:49.166 [http-nio-8083-exec-2] [paypal-provider-service-PPS] com.example.demo.service.helper.CreateOrderHelperRes - Converted Response Body to PaypalOrder : PaypalOrder(id=05V30641JJ029273K, status=PAYER_ACTION_REQUIRED, paymentSource=PaymentSource(paypal=com.example.demo.paypal.res.create.Paypal@55fb5f0d), links=[PaypalLinks(href=https://api.sandbox.paypal.com/v2/checkout/orders/05V30641JJ029273K, rel=self, method=GET), PaypalLinks(href=https://www.sandbox.paypal.com/checkoutnow?token=05V30641JJ029273K, rel=payer-action, method=GET)])
[INFO ] 2025-11-20 16:10:49.173 [http-nio-8083-exec-2] [paypal-provider-service-PPS] com.example.demo.service.helper.CreateOrderHelperRes - Create order response  || CreateOrderRes : CreateOrderRes(orderId=05V30641JJ029273K, paymentStatus=PAYER_ACTION_REQUIRED, redirectUrl=https://www.sandbox.paypal.com/checkoutnow?token=05V30641JJ029273K)
[INFO ] 2025-11-20 16:10:49.175 [http-nio-8083-exec-2] [paypal-provider-service-PPS] com.example.demo.service.helper.CreateOrderHelperRes - Created order successful with status PAYER_ACTION_REQUIRED : CreateOrderRes(orderId=05V30641JJ029273K, paymentStatus=PAYER_ACTION_REQUIRED, redirectUrl=https://www.sandbox.paypal.com/checkoutnow?token=05V30641JJ029273K) 
[INFO ] 2025-11-20 16:10:49.176 [http-nio-8083-exec-2] [paypal-provider-service-PPS] com.example.demo.service.impl.PaymentServiceImpl - Create order response  || CreateOrderRes : CreateOrderRes(orderId=05V30641JJ029273K, paymentStatus=PAYER_ACTION_REQUIRED, redirectUrl=https://www.sandbox.paypal.com/checkoutnow?token=05V30641JJ029273K)
[INFO ] 2025-11-20 16:10:49.177 [http-nio-8083-exec-2] [paypal-provider-service-PPS] com.example.demo.controller.PaymentController - response from payment service : CreateOrderRes(orderId=05V30641JJ029273K, paymentStatus=PAYER_ACTION_REQUIRED, redirectUrl=https://www.sandbox.paypal.com/checkoutnow?token=05V30641JJ029273K) 
[INFO ] 2025-11-20 16:12:48.027 [File Watcher] [paypal-provider-service-PPS] org.springframework.boot.devtools.autoconfigure.LocalDevToolsAutoConfiguration$RestartingClassPathChangeChangedEventListener - Restarting due to 3 class path changes (0 additions, 0 deletions, 3 modifications)
[INFO ] 2025-11-20 16:12:48.038 [Thread-15] [paypal-provider-service-PPS] org.springframework.boot.web.embedded.tomcat.GracefulShutdown - Commencing graceful shutdown. Waiting for active requests to complete
[INFO ] 2025-11-20 16:12:48.044 [tomcat-shutdown] [paypal-provider-service-PPS] org.apache.coyote.http11.Http11NioProtocol - Pausing ProtocolHandler ["http-nio-8083"]
[INFO ] 2025-11-20 16:12:48.061 [tomcat-shutdown] [paypal-provider-service-PPS] org.springframework.boot.web.embedded.tomcat.GracefulShutdown - Graceful shutdown complete
[INFO ] 2025-11-20 16:12:48.062 [Thread-15] [paypal-provider-service-PPS] org.apache.coyote.http11.Http11NioProtocol - Stopping ProtocolHandler ["http-nio-8083"]
[INFO ] 2025-11-20 16:12:48.507 [restartedMain] [paypal-provider-service-PPS] com.example.demo.PayPalProviderServiceDemoApplication - Starting PayPalProviderServiceDemoApplication using Java 21.0.7 with PID 10112 (D:\SpringWebProj\PayPalProviderServiceDemo\target\classes started by DELL in D:\SpringWebProj\PayPalProviderServiceDemo)
[DEBUG] 2025-11-20 16:12:48.507 [restartedMain] [paypal-provider-service-PPS] com.example.demo.PayPalProviderServiceDemoApplication - Running with Spring Boot v3.5.7, Spring v6.2.12
[INFO ] 2025-11-20 16:12:48.507 [restartedMain] [paypal-provider-service-PPS] com.example.demo.PayPalProviderServiceDemoApplication - The following 1 profile is active: "local"
[INFO ] 2025-11-20 16:12:54.036 [restartedMain] [paypal-provider-service-PPS] org.springframework.data.repository.config.RepositoryConfigurationDelegate - Multiple Spring Data modules found, entering strict repository configuration mode
[INFO ] 2025-11-20 16:12:54.036 [restartedMain] [paypal-provider-service-PPS] org.springframework.data.repository.config.RepositoryConfigurationDelegate - Bootstrapping Spring Data Redis repositories in DEFAULT mode.
[INFO ] 2025-11-20 16:12:54.088 [restartedMain] [paypal-provider-service-PPS] org.springframework.data.repository.config.RepositoryConfigurationDelegate - Finished Spring Data repository scanning in 36 ms. Found 0 Redis repository interfaces.
[INFO ] 2025-11-20 16:12:55.066 [restartedMain] [paypal-provider-service-PPS] org.springframework.boot.web.embedded.tomcat.TomcatWebServer - Tomcat initialized with port 8083 (http)
[INFO ] 2025-11-20 16:12:55.070 [restartedMain] [paypal-provider-service-PPS] org.apache.coyote.http11.Http11NioProtocol - Initializing ProtocolHandler ["http-nio-8083"]
[INFO ] 2025-11-20 16:12:55.073 [restartedMain] [paypal-provider-service-PPS] org.apache.catalina.core.StandardService - Starting service [Tomcat]
[INFO ] 2025-11-20 16:12:55.076 [restartedMain] [paypal-provider-service-PPS] org.apache.catalina.core.StandardEngine - Starting Servlet engine: [Apache Tomcat/10.1.48]
[INFO ] 2025-11-20 16:12:55.326 [restartedMain] [paypal-provider-service-PPS] org.apache.catalina.core.ContainerBase.[Tomcat].[localhost].[/] - Initializing Spring embedded WebApplicationContext
[INFO ] 2025-11-20 16:12:55.326 [restartedMain] [paypal-provider-service-PPS] org.springframework.boot.web.servlet.context.ServletWebServerApplicationContext - Root WebApplicationContext: initialization completed in 6815 ms
[WARN ] 2025-11-20 16:12:55.806 [restartedMain] [paypal-provider-service-PPS] org.springframework.boot.web.servlet.context.AnnotationConfigServletWebServerApplicationContext - Exception encountered during context initialization - cancelling refresh attempt: org.springframework.beans.factory.BeanCreationException: Error creating bean with name 'paymentController': Lookup method resolution failed
[INFO ] 2025-11-20 16:12:55.807 [restartedMain] [paypal-provider-service-PPS] org.apache.catalina.core.StandardService - Stopping service [Tomcat]
[INFO ] 2025-11-20 16:12:55.868 [restartedMain] [paypal-provider-service-PPS] org.springframework.boot.autoconfigure.logging.ConditionEvaluationReportLogger - 

Error starting ApplicationContext. To display the condition evaluation report re-run your application with 'debug' enabled.
[ERROR] 2025-11-20 16:12:56.557 [restartedMain] [paypal-provider-service-PPS] org.springframework.boot.SpringApplication - Application run failed
org.springframework.beans.factory.BeanCreationException: Error creating bean with name 'paymentController': Lookup method resolution failed
	at org.springframework.beans.factory.annotation.AutowiredAnnotationBeanPostProcessor.checkLookupMethods(AutowiredAnnotationBeanPostProcessor.java:498)
	at org.springframework.beans.factory.annotation.AutowiredAnnotationBeanPostProcessor.determineCandidateConstructors(AutowiredAnnotationBeanPostProcessor.java:368)
	at org.springframework.beans.factory.support.AbstractAutowireCapableBeanFactory.determineConstructorsFromBeanPostProcessors(AbstractAutowireCapableBeanFactory.java:1334)
	at org.springframework.beans.factory.support.AbstractAutowireCapableBeanFactory.createBeanInstance(AbstractAutowireCapableBeanFactory.java:1229)
	at org.springframework.beans.factory.support.AbstractAutowireCapableBeanFactory.doCreateBean(AbstractAutowireCapableBeanFactory.java:569)
	at org.springframework.beans.factory.support.AbstractAutowireCapableBeanFactory.createBean(AbstractAutowireCapableBeanFactory.java:529)
	at org.springframework.beans.factory.support.AbstractBeanFactory.lambda$doGetBean$0(AbstractBeanFactory.java:339)
	at org.springframework.beans.factory.support.DefaultSingletonBeanRegistry.getSingleton(DefaultSingletonBeanRegistry.java:373)
	at org.springframework.beans.factory.support.AbstractBeanFactory.doGetBean(AbstractBeanFactory.java:337)
	at org.springframework.beans.factory.support.AbstractBeanFactory.getBean(AbstractBeanFactory.java:202)
	at org.springframework.beans.factory.support.DefaultListableBeanFactory.instantiateSingleton(DefaultListableBeanFactory.java:1228)
	at org.springframework.beans.factory.support.DefaultListableBeanFactory.preInstantiateSingleton(DefaultListableBeanFactory.java:1194)
	at org.springframework.beans.factory.support.DefaultListableBeanFactory.preInstantiateSingletons(DefaultListableBeanFactory.java:1130)
	at org.springframework.context.support.AbstractApplicationContext.finishBeanFactoryInitialization(AbstractApplicationContext.java:990)
	at org.springframework.context.support.AbstractApplicationContext.refresh(AbstractApplicationContext.java:627)
	at org.springframework.boot.web.servlet.context.ServletWebServerApplicationContext.refresh(ServletWebServerApplicationContext.java:146)
	at org.springframework.boot.SpringApplication.refresh(SpringApplication.java:752)
	at org.springframework.boot.SpringApplication.refreshContext(SpringApplication.java:439)
	at org.springframework.boot.SpringApplication.run(SpringApplication.java:318)
	at org.springframework.boot.SpringApplication.run(SpringApplication.java:1361)
	at org.springframework.boot.SpringApplication.run(SpringApplication.java:1350)
	at com.example.demo.PayPalProviderServiceDemoApplication.main(PayPalProviderServiceDemoApplication.java:12)
	at java.base/jdk.internal.reflect.DirectMethodHandleAccessor.invoke(DirectMethodHandleAccessor.java:103)
	at java.base/java.lang.reflect.Method.invoke(Method.java:580)
	at org.springframework.boot.devtools.restart.RestartLauncher.run(RestartLauncher.java:50)
Caused by: java.lang.IllegalStateException: Failed to introspect Class [com.example.demo.controller.PaymentController] from ClassLoader [org.springframework.boot.devtools.restart.classloader.RestartClassLoader@296254c1]
	at org.springframework.util.ReflectionUtils.getDeclaredMethods(ReflectionUtils.java:483)
	at org.springframework.util.ReflectionUtils.doWithLocalMethods(ReflectionUtils.java:320)
	at org.springframework.beans.factory.annotation.AutowiredAnnotationBeanPostProcessor.checkLookupMethods(AutowiredAnnotationBeanPostProcessor.java:476)
	... 24 common frames omitted
Caused by: java.lang.NoClassDefFoundError: com/example/demo/pojo/CreateOrderReq
	at java.base/java.lang.Class.getDeclaredMethods0(Native Method)
	at java.base/java.lang.Class.privateGetDeclaredMethods(Class.java:3578)
	at java.base/java.lang.Class.getDeclaredMethods(Class.java:2676)
	at org.springframework.util.ReflectionUtils.getDeclaredMethods(ReflectionUtils.java:465)
	... 26 common frames omitted
Caused by: java.lang.ClassNotFoundException: com.example.demo.pojo.CreateOrderReq
	at java.base/jdk.internal.loader.BuiltinClassLoader.loadClass(BuiltinClassLoader.java:641)
	at java.base/jdk.internal.loader.ClassLoaders$AppClassLoader.loadClass(ClassLoaders.java:188)
	at java.base/java.lang.ClassLoader.loadClass(ClassLoader.java:526)
	at java.base/java.lang.Class.forName0(Native Method)
	at java.base/java.lang.Class.forName(Class.java:534)
	at java.base/java.lang.Class.forName(Class.java:513)
	at org.springframework.boot.devtools.restart.classloader.RestartClassLoader.loadClass(RestartClassLoader.java:121)
	at java.base/java.lang.ClassLoader.loadClass(ClassLoader.java:526)
	... 30 common frames omitted
[INFO ] 2025-11-20 16:13:01.455 [restartedMain] [paypal-provider-service-PPS] com.example.demo.PayPalProviderServiceDemoApplication - Starting PayPalProviderServiceDemoApplication using Java 21.0.7 with PID 10112 (D:\SpringWebProj\PayPalProviderServiceDemo\target\classes started by DELL in D:\SpringWebProj\PayPalProviderServiceDemo)
[DEBUG] 2025-11-20 16:13:01.455 [restartedMain] [paypal-provider-service-PPS] com.example.demo.PayPalProviderServiceDemoApplication - Running with Spring Boot v3.5.7, Spring v6.2.12
[INFO ] 2025-11-20 16:13:01.455 [restartedMain] [paypal-provider-service-PPS] com.example.demo.PayPalProviderServiceDemoApplication - The following 1 profile is active: "local"
[INFO ] 2025-11-20 16:13:04.542 [restartedMain] [paypal-provider-service-PPS] org.springframework.data.repository.config.RepositoryConfigurationDelegate - Multiple Spring Data modules found, entering strict repository configuration mode
[INFO ] 2025-11-20 16:13:04.542 [restartedMain] [paypal-provider-service-PPS] org.springframework.data.repository.config.RepositoryConfigurationDelegate - Bootstrapping Spring Data Redis repositories in DEFAULT mode.
[INFO ] 2025-11-20 16:13:04.569 [restartedMain] [paypal-provider-service-PPS] org.springframework.data.repository.config.RepositoryConfigurationDelegate - Finished Spring Data repository scanning in 22 ms. Found 0 Redis repository interfaces.
[INFO ] 2025-11-20 16:13:04.883 [restartedMain] [paypal-provider-service-PPS] org.springframework.boot.web.embedded.tomcat.TomcatWebServer - Tomcat initialized with port 8083 (http)
[INFO ] 2025-11-20 16:13:04.886 [restartedMain] [paypal-provider-service-PPS] org.apache.coyote.http11.Http11NioProtocol - Initializing ProtocolHandler ["http-nio-8083"]
[INFO ] 2025-11-20 16:13:04.886 [restartedMain] [paypal-provider-service-PPS] org.apache.catalina.core.StandardService - Starting service [Tomcat]
[INFO ] 2025-11-20 16:13:04.886 [restartedMain] [paypal-provider-service-PPS] org.apache.catalina.core.StandardEngine - Starting Servlet engine: [Apache Tomcat/10.1.48]
[INFO ] 2025-11-20 16:13:04.974 [restartedMain] [paypal-provider-service-PPS] org.apache.catalina.core.ContainerBase.[Tomcat-1].[localhost].[/] - Initializing Spring embedded WebApplicationContext
[INFO ] 2025-11-20 16:13:04.974 [restartedMain] [paypal-provider-service-PPS] org.springframework.boot.web.servlet.context.ServletWebServerApplicationContext - Root WebApplicationContext: initialization completed in 3504 ms
[INFO ] 2025-11-20 16:13:05.271 [restartedMain] [paypal-provider-service-PPS] com.example.demo.config.CustomConfig - Redis cache configuration ...
[INFO ] 2025-11-20 16:13:05.430 [restartedMain] [paypal-provider-service-PPS] org.springframework.validation.beanvalidation.OptionalValidatorFactoryBean - Failed to set up a Bean Validation provider: jakarta.validation.NoProviderFoundException: Unable to create a Configuration, because no Jakarta Bean Validation provider could be found. Add a provider like Hibernate Validator (RI) to your classpath.
[INFO ] 2025-11-20 16:13:06.095 [restartedMain] [paypal-provider-service-PPS] org.springframework.boot.devtools.autoconfigure.OptionalLiveReloadServer - LiveReload server is running on port 35729
[INFO ] 2025-11-20 16:13:06.109 [restartedMain] [paypal-provider-service-PPS] org.springframework.boot.actuate.endpoint.web.EndpointLinksResolver - Exposing 13 endpoints beneath base path '/actuator'
[INFO ] 2025-11-20 16:13:06.180 [restartedMain] [paypal-provider-service-PPS] org.apache.coyote.http11.Http11NioProtocol - Starting ProtocolHandler ["http-nio-8083"]
[INFO ] 2025-11-20 16:13:06.187 [restartedMain] [paypal-provider-service-PPS] org.springframework.boot.web.embedded.tomcat.TomcatWebServer - Tomcat started on port 8083 (http) with context path '/'
[INFO ] 2025-11-20 16:13:06.239 [restartedMain] [paypal-provider-service-PPS] com.example.demo.PayPalProviderServiceDemoApplication - Started PayPalProviderServiceDemoApplication in 5.402 seconds (process running for 276.983)
[INFO ] 2025-11-20 16:13:06.248 [restartedMain] [paypal-provider-service-PPS] org.springframework.boot.devtools.autoconfigure.ConditionEvaluationDeltaLoggingListener - Condition evaluation unchanged
[INFO ] 2025-11-20 16:13:22.204 [http-nio-8083-exec-1] [paypal-provider-service-PPS] org.apache.catalina.core.ContainerBase.[Tomcat-1].[localhost].[/] - Initializing Spring DispatcherServlet 'dispatcherServlet'
[INFO ] 2025-11-20 16:13:22.205 [http-nio-8083-exec-1] [paypal-provider-service-PPS] org.springframework.web.servlet.DispatcherServlet - Initializing Servlet 'dispatcherServlet'
[INFO ] 2025-11-20 16:13:22.210 [http-nio-8083-exec-1] [paypal-provider-service-PPS] org.springframework.web.servlet.DispatcherServlet - Completed initialization in 5 ms
[INFO ] 2025-11-20 16:13:22.226 [http-nio-8083-exec-1] [paypal-provider-service-PPS] com.example.demo.controller.PaymentController - Create order request in paypal || CreateOrderReq : CreateOrderReq(currencyCode=USD, amount=32.0, returnUrl=https://example.com/return543Url, cancelUrl=https://example.com/cance543Url) 
[INFO ] 2025-11-20 16:13:22.227 [http-nio-8083-exec-1] [paypal-provider-service-PPS] com.example.demo.service.impl.PaymentServiceImpl - Create order request in payment service impl || CreateOrderReq : CreateOrderReq(currencyCode=USD, amount=32.0, returnUrl=https://example.com/return543Url, cancelUrl=https://example.com/cance543Url) 
[DEBUG] 2025-11-20 16:13:22.228 [http-nio-8083-exec-1] [paypal-provider-service-PPS] com.example.demo.service.TokenService - debugging
[INFO ] 2025-11-20 16:13:22.228 [http-nio-8083-exec-1] [paypal-provider-service-PPS] com.example.demo.service.TokenService - info
[WARN ] 2025-11-20 16:13:22.228 [http-nio-8083-exec-1] [paypal-provider-service-PPS] com.example.demo.service.TokenService - wraning
[ERROR] 2025-11-20 16:13:22.228 [http-nio-8083-exec-1] [paypal-provider-service-PPS] com.example.demo.service.TokenService - error 
[INFO ] 2025-11-20 16:13:22.229 [http-nio-8083-exec-1] [paypal-provider-service-PPS] com.example.demo.service.TokenService - getting access token from TOKEN SERVICE
[INFO ] 2025-11-20 16:13:22.229 [http-nio-8083-exec-1] [paypal-provider-service-PPS] com.example.demo.service.TokenService - No accessToken found in redis, making OAuth api call to PayPal...
[INFO ] 2025-11-20 16:13:22.230 [http-nio-8083-exec-1] [paypal-provider-service-PPS] com.example.demo.service.TokenService - Http request : HttpRequest(url=https://api-m.sandbox.paypal.com/v1/oauth2/token, httpMethod=POST, headers=[Authorization:"Basic QVlfcmRwN3dfa2FEQ2ZZSVlmZFJTWVpGa21VVVBveC1fVE8zR1BUejhfWW91aUxwUENaUkk1UGRSUC1kQ3BhbE40cTBVTGUwYUpuejJ0dkI6RURMRkNRenl4bGpEQkFYbERTRE9hZTlieFJUbWhSOXl5TW5NSXNWNmJ3SHRDbDVGSlhyUXpiVEFqMUs1Mi1rdHhGQmtLa3JHRFVSU2t1dnY=", Content-Type:"application/x-www-form-urlencoded"], body={grant_type=[client_credentials]}) 
[INFO ] 2025-11-20 16:13:23.759 [http-nio-8083-exec-1] [paypal-provider-service-PPS] com.example.demo.http.HttpServiceEngine - Http response : <200 OK OK,{"scope":"https://uri.paypal.com/services/invoicing https://uri.paypal.com/services/checkout/one-click-with-merchant-issued-token https://uri.paypal.com/services/payments/futurepayments https://uri.paypal.com/services/vault/payment-tokens/read https://uri.paypal.com/services/disputes/read-buyer https://uri.paypal.com/services/payments/realtimepayment https://uri.paypal.com/services/subscriptions/confirm-payment https://uri.paypal.com/services/payments/client-payments-eligibility https://api.paypal.com/v1/vault/credit-card https://api.paypal.com/v1/payments/.* https://uri.paypal.com/services/vault/payment-tokens/readwrite https://uri.paypal.com/services/applications/webhooks https://uri.paypal.com/services/pricing/exchange-currency/read https://uri.paypal.com/services/credit/client-offer-presentment/read https://uri.paypal.com/services/disputes/update-seller https://uri.paypal.com/services/payments/payment/authcapture openid Braintree:Vault https://uri.paypal.com/services/disputes/read-seller https://uri.paypal.com/services/payments/orders/client_sdk_orders_api https://uri.paypal.com/services/payments/refund https://uri.paypal.com/services/disputes/create https://uri.paypal.com/services/pricing/quote-exchange-rates/read https://uri.paypal.com/services/documents/disputes/download https://uri.paypal.com/services/billing-agreements https://uri.paypal.com/payments/payouts https://api.paypal.com/v1/vault/credit-card/.* https://uri.paypal.com/services/subscriptions","access_token":"A21AAIMICHhh91NU-tNQWV-bim5c_icvOD6fw12IGlK-bWvU0QhMyRu9X5QTvbrdsJAStd6AQMzu-FFeGQ04ZxSSqI9I3RJXQ","token_type":"Bearer","app_id":"APP-0KA15837D02733232","expires_in":32244,"nonce":"2025-11-20T10:40:45ZiyfBJpWNI1O6MxZ1ejcVNs9px4UiWDIfISHKmw6i7KM"},[Connection:"keep-alive", Content-Type:"application/json", Server:"nginx", Access-Control-Expose-Headers:"Server-Timing", Cache-Control:"max-age=0, no-cache, no-store, must-revalidate", Paypal-Debug-Id:"f5847500042c6", Pragma:"no-cache", Server-Timing:"traceparent;desc="00-0000000000000000000f5847500042c6-2a69b6c944952583-01"", X-Paypal-Token-Service:"IAAS", HTTP_X_PP_AZ_LOCATOR:"ccg18.slc", Strict-Transport-Security:"max-age=31536000; includeSubDomains", Accept-Ranges:"none", Via:"1.1 varnish, 1.1 varnish", Edge-Control:"max-age=0", Date:"Thu, 20 Nov 2025 10:43:22 GMT", X-Served-By:"cache-qpg1233-QPG, cache-hyd1100031-HYD", X-Cache:"MISS, MISS", X-Cache-Hits:"0, 0", X-Timer:"S1763635401.128203,VS0,VE927", Vary:"Accept-Encoding", transfer-encoding:"chunked"]> 
[INFO ] 2025-11-20 16:13:23.769 [http-nio-8083-exec-1] [paypal-provider-service-PPS] com.example.demo.service.TokenService - New access token generated and stored in Redis
[INFO ] 2025-11-20 16:13:23.770 [http-nio-8083-exec-1] [paypal-provider-service-PPS] com.example.demo.service.impl.PaymentServiceImpl - access_token from token service 
[INFO ] 2025-11-20 16:13:23.785 [http-nio-8083-exec-1] [paypal-provider-service-PPS] com.example.demo.service.helper.CreateOrderHelperReq - create order request object : OrderRequest(intent=CAPTURE, purchaseUnits=[PurchaseUnits(amount=Amount(currencyCode=USD, value=32.00))], paymentSource=PaymentSource(paypal=Paypal(experienceContext=ExperienceContext(paymentMethodPreference=IMMEDIATE_PAYMENT_REQUIRED, landingPage=LOGIN, shippingPreference=NO_SHIPPING, userAction=PAY_NOW, returnUrl=https://example.com/return543Url, cancelUrl=https://example.com/cance543Url))))
[INFO ] 2025-11-20 16:13:23.811 [http-nio-8083-exec-1] [paypal-provider-service-PPS] com.example.demo.service.helper.CreateOrderHelperReq - Create Order Request JSON: 
{"intent":"CAPTURE","purchase_units":[{"amount":{"currency_code":"USD","value":"32.00"}}],"payment_source":{"paypal":{"experience_context":{"payment_method_preference":"IMMEDIATE_PAYMENT_REQUIRED","landing_page":"LOGIN","shipping_preference":"NO_SHIPPING","user_action":"PAY_NOW","return_url":"https://example.com/return543Url","cancel_url":"https://example.com/cance543Url"}}}}
[INFO ] 2025-11-20 16:13:23.811 [http-nio-8083-exec-1] [paypal-provider-service-PPS] com.example.demo.service.helper.CreateOrderHelperReq - Prepared HTTP Request for Create Order : HttpRequest(url=https://api-m.sandbox.paypal.com/v2/checkout/orders, httpMethod=POST, headers=[PayPal-Request-Id:"7a55eb56-2d45-455d-81c2-a4628aae1bd3", Authorization:"Bearer A21AAIMICHhh91NU-tNQWV-bim5c_icvOD6fw12IGlK-bWvU0QhMyRu9X5QTvbrdsJAStd6AQMzu-FFeGQ04ZxSSqI9I3RJXQ", Content-Type:"application/json"], body={"intent":"CAPTURE","purchase_units":[{"amount":{"currency_code":"USD","value":"32.00"}}],"payment_source":{"paypal":{"experience_context":{"payment_method_preference":"IMMEDIATE_PAYMENT_REQUIRED","landing_page":"LOGIN","shipping_preference":"NO_SHIPPING","user_action":"PAY_NOW","return_url":"https://example.com/return543Url","cancel_url":"https://example.com/cance543Url"}}}}) 
[INFO ] 2025-11-20 16:13:25.608 [http-nio-8083-exec-1] [paypal-provider-service-PPS] com.example.demo.http.HttpServiceEngine - Http response : <200 OK OK,{"id":"3163289410459033M","status":"PAYER_ACTION_REQUIRED","payment_source":{"paypal":{}},"links":[{"href":"https://api.sandbox.paypal.com/v2/checkout/orders/3163289410459033M","rel":"self","method":"GET"},{"href":"https://www.sandbox.paypal.com/checkoutnow?token=3163289410459033M","rel":"payer-action","method":"GET"}]},[Connection:"keep-alive", Content-Type:"application/json", Server:"nginx", Access-Control-Expose-Headers:"Server-Timing", Cache-Control:"max-age=0, no-cache, no-store, must-revalidate", Paypal-Debug-Id:"f739985fd992a", Server-Timing:"traceparent;desc="00-0000000000000000000f739985fd992a-6f65beb6bec20c27-01"", HTTP_X_PP_AZ_LOCATOR:"ccg18.slc", Strict-Transport-Security:"max-age=31536000; includeSubDomains", Accept-Ranges:"none", Via:"1.1 varnish, 1.1 varnish", Edge-Control:"max-age=0", Date:"Thu, 20 Nov 2025 10:43:23 GMT", X-Served-By:"cache-qpg1262-QPG, cache-hyd1100031-HYD", X-Cache:"MISS, MISS", X-Cache-Hits:"0, 0", X-Timer:"S1763635402.377189,VS0,VE1422", Vary:"Accept-Encoding", transfer-encoding:"chunked"]> 
[INFO ] 2025-11-20 16:13:25.609 [http-nio-8083-exec-1] [paypal-provider-service-PPS] com.example.demo.service.impl.PaymentServiceImpl - HTTP Response from Create Order : <200 OK OK,{"id":"3163289410459033M","status":"PAYER_ACTION_REQUIRED","payment_source":{"paypal":{}},"links":[{"href":"https://api.sandbox.paypal.com/v2/checkout/orders/3163289410459033M","rel":"self","method":"GET"},{"href":"https://www.sandbox.paypal.com/checkoutnow?token=3163289410459033M","rel":"payer-action","method":"GET"}]},[Connection:"keep-alive", Content-Type:"application/json", Server:"nginx", Access-Control-Expose-Headers:"Server-Timing", Cache-Control:"max-age=0, no-cache, no-store, must-revalidate", Paypal-Debug-Id:"f739985fd992a", Server-Timing:"traceparent;desc="00-0000000000000000000f739985fd992a-6f65beb6bec20c27-01"", HTTP_X_PP_AZ_LOCATOR:"ccg18.slc", Strict-Transport-Security:"max-age=31536000; includeSubDomains", Accept-Ranges:"none", Via:"1.1 varnish, 1.1 varnish", Edge-Control:"max-age=0", Date:"Thu, 20 Nov 2025 10:43:23 GMT", X-Served-By:"cache-qpg1262-QPG, cache-hyd1100031-HYD", X-Cache:"MISS, MISS", X-Cache-Hits:"0, 0", X-Timer:"S1763635402.377189,VS0,VE1422", Vary:"Accept-Encoding", transfer-encoding:"chunked"]>  
[INFO ] 2025-11-20 16:13:25.610 [http-nio-8083-exec-1] [paypal-provider-service-PPS] com.example.demo.service.helper.CreateOrderHelperRes - Handling PayPal response in PayPalServiceImpl  || httpResponse : <200 OK OK,{"id":"3163289410459033M","status":"PAYER_ACTION_REQUIRED","payment_source":{"paypal":{}},"links":[{"href":"https://api.sandbox.paypal.com/v2/checkout/orders/3163289410459033M","rel":"self","method":"GET"},{"href":"https://www.sandbox.paypal.com/checkoutnow?token=3163289410459033M","rel":"payer-action","method":"GET"}]},[Connection:"keep-alive", Content-Type:"application/json", Server:"nginx", Access-Control-Expose-Headers:"Server-Timing", Cache-Control:"max-age=0, no-cache, no-store, must-revalidate", Paypal-Debug-Id:"f739985fd992a", Server-Timing:"traceparent;desc="00-0000000000000000000f739985fd992a-6f65beb6bec20c27-01"", HTTP_X_PP_AZ_LOCATOR:"ccg18.slc", Strict-Transport-Security:"max-age=31536000; includeSubDomains", Accept-Ranges:"none", Via:"1.1 varnish, 1.1 varnish", Edge-Control:"max-age=0", Date:"Thu, 20 Nov 2025 10:43:23 GMT", X-Served-By:"cache-qpg1262-QPG, cache-hyd1100031-HYD", X-Cache:"MISS, MISS", X-Cache-Hits:"0, 0", X-Timer:"S1763635402.377189,VS0,VE1422", Vary:"Accept-Encoding", transfer-encoding:"chunked"]>
[INFO ] 2025-11-20 16:13:25.635 [http-nio-8083-exec-1] [paypal-provider-service-PPS] com.example.demo.service.helper.CreateOrderHelperRes - Converted Response Body to PaypalOrder : PaypalOrder(id=3163289410459033M, status=PAYER_ACTION_REQUIRED, paymentSource=PaymentSource(paypal=com.example.demo.paypal.res.create.Paypal@1c22f783), links=[PaypalLinks(href=https://api.sandbox.paypal.com/v2/checkout/orders/3163289410459033M, rel=self, method=GET), PaypalLinks(href=https://www.sandbox.paypal.com/checkoutnow?token=3163289410459033M, rel=payer-action, method=GET)])
[INFO ] 2025-11-20 16:13:25.641 [http-nio-8083-exec-1] [paypal-provider-service-PPS] com.example.demo.service.helper.CreateOrderHelperRes - Create order response  || CreateOrderRes : CreateOrderRes(orderId=3163289410459033M, paymentStatus=PAYER_ACTION_REQUIRED, redirectUrl=https://www.sandbox.paypal.com/checkoutnow?token=3163289410459033M)
[INFO ] 2025-11-20 16:13:25.643 [http-nio-8083-exec-1] [paypal-provider-service-PPS] com.example.demo.service.helper.CreateOrderHelperRes - Created order successful with status PAYER_ACTION_REQUIRED : CreateOrderRes(orderId=3163289410459033M, paymentStatus=PAYER_ACTION_REQUIRED, redirectUrl=https://www.sandbox.paypal.com/checkoutnow?token=3163289410459033M) 
[INFO ] 2025-11-20 16:13:25.643 [http-nio-8083-exec-1] [paypal-provider-service-PPS] com.example.demo.service.impl.PaymentServiceImpl - Create order response  || CreateOrderRes : CreateOrderRes(orderId=3163289410459033M, paymentStatus=PAYER_ACTION_REQUIRED, redirectUrl=https://www.sandbox.paypal.com/checkoutnow?token=3163289410459033M)
[INFO ] 2025-11-20 16:13:25.643 [http-nio-8083-exec-1] [paypal-provider-service-PPS] com.example.demo.controller.PaymentController - response from payment service : CreateOrderRes(orderId=3163289410459033M, paymentStatus=PAYER_ACTION_REQUIRED, redirectUrl=https://www.sandbox.paypal.com/checkoutnow?token=3163289410459033M) 
[INFO ] 2025-11-20 16:13:47.782 [RMI TCP Connection(24)-127.0.0.1] [paypal-provider-service-PPS] org.springframework.boot.admin.SpringApplicationAdminMXBeanRegistrar$SpringApplicationAdmin - Application shutdown requested.
[INFO ] 2025-11-20 16:13:47.793 [RMI TCP Connection(24)-127.0.0.1] [paypal-provider-service-PPS] org.springframework.boot.web.embedded.tomcat.GracefulShutdown - Commencing graceful shutdown. Waiting for active requests to complete
[INFO ] 2025-11-20 16:13:47.799 [tomcat-shutdown] [paypal-provider-service-PPS] org.apache.coyote.http11.Http11NioProtocol - Pausing ProtocolHandler ["http-nio-8083"]
[INFO ] 2025-11-20 16:13:47.835 [tomcat-shutdown] [paypal-provider-service-PPS] org.springframework.boot.web.embedded.tomcat.GracefulShutdown - Graceful shutdown complete
[INFO ] 2025-11-20 16:13:47.838 [RMI TCP Connection(24)-127.0.0.1] [paypal-provider-service-PPS] org.apache.coyote.http11.Http11NioProtocol - Stopping ProtocolHandler ["http-nio-8083"]
[INFO ] 2025-11-20 16:15:26.329 [main] [paypal-provider-service-PPS] com.example.demo.PayPalProviderServiceDemoApplicationTests - Starting PayPalProviderServiceDemoApplicationTests using Java 21.0.7 with PID 3524 (started by DELL in D:\SpringWebProj\PayPalProviderServiceDemo)
[DEBUG] 2025-11-20 16:15:26.332 [main] [paypal-provider-service-PPS] com.example.demo.PayPalProviderServiceDemoApplicationTests - Running with Spring Boot v3.5.7, Spring v6.2.12
[INFO ] 2025-11-20 16:15:26.334 [main] [paypal-provider-service-PPS] com.example.demo.PayPalProviderServiceDemoApplicationTests - The following 1 profile is active: "local"
[INFO ] 2025-11-20 16:15:32.476 [main] [paypal-provider-service-PPS] org.springframework.data.repository.config.RepositoryConfigurationDelegate - Multiple Spring Data modules found, entering strict repository configuration mode
[INFO ] 2025-11-20 16:15:32.485 [main] [paypal-provider-service-PPS] org.springframework.data.repository.config.RepositoryConfigurationDelegate - Bootstrapping Spring Data Redis repositories in DEFAULT mode.
[INFO ] 2025-11-20 16:15:32.607 [main] [paypal-provider-service-PPS] org.springframework.data.repository.config.RepositoryConfigurationDelegate - Finished Spring Data repository scanning in 70 ms. Found 0 Redis repository interfaces.
[INFO ] 2025-11-20 16:15:35.581 [main] [paypal-provider-service-PPS] com.example.demo.config.CustomConfig - Redis cache configuration ...
[INFO ] 2025-11-20 16:15:36.272 [main] [paypal-provider-service-PPS] org.springframework.validation.beanvalidation.OptionalValidatorFactoryBean - Failed to set up a Bean Validation provider: jakarta.validation.NoProviderFoundException: Unable to create a Configuration, because no Jakarta Bean Validation provider could be found. Add a provider like Hibernate Validator (RI) to your classpath.
[INFO ] 2025-11-20 16:15:38.082 [main] [paypal-provider-service-PPS] org.springframework.boot.actuate.endpoint.web.EndpointLinksResolver - Exposing 13 endpoints beneath base path '/actuator'
[INFO ] 2025-11-20 16:15:38.316 [main] [paypal-provider-service-PPS] com.example.demo.PayPalProviderServiceDemoApplicationTests - Started PayPalProviderServiceDemoApplicationTests in 13.029 seconds (process running for 15.873)
[INFO ] 2025-11-20 16:15:59.358 [restartedMain] [paypal-provider-service-PPS] com.example.demo.PayPalProviderServiceDemoApplication - Starting PayPalProviderServiceDemoApplication using Java 21.0.7 with PID 11324 (D:\SpringWebProj\PayPalProviderServiceDemo\target\classes started by DELL in D:\SpringWebProj\PayPalProviderServiceDemo)
[DEBUG] 2025-11-20 16:15:59.364 [restartedMain] [paypal-provider-service-PPS] com.example.demo.PayPalProviderServiceDemoApplication - Running with Spring Boot v3.5.7, Spring v6.2.12
[INFO ] 2025-11-20 16:15:59.367 [restartedMain] [paypal-provider-service-PPS] com.example.demo.PayPalProviderServiceDemoApplication - The following 1 profile is active: "local"
[INFO ] 2025-11-20 16:15:59.563 [restartedMain] [paypal-provider-service-PPS] org.springframework.boot.devtools.env.DevToolsPropertyDefaultsPostProcessor - Devtools property defaults active! Set 'spring.devtools.add-properties' to 'false' to disable
[INFO ] 2025-11-20 16:15:59.564 [restartedMain] [paypal-provider-service-PPS] org.springframework.boot.devtools.env.DevToolsPropertyDefaultsPostProcessor - For additional web related logging consider setting the 'logging.level.web' property to 'DEBUG'
[INFO ] 2025-11-20 16:16:03.012 [restartedMain] [paypal-provider-service-PPS] org.springframework.data.repository.config.RepositoryConfigurationDelegate - Multiple Spring Data modules found, entering strict repository configuration mode
[INFO ] 2025-11-20 16:16:03.017 [restartedMain] [paypal-provider-service-PPS] org.springframework.data.repository.config.RepositoryConfigurationDelegate - Bootstrapping Spring Data Redis repositories in DEFAULT mode.
[INFO ] 2025-11-20 16:16:03.100 [restartedMain] [paypal-provider-service-PPS] org.springframework.data.repository.config.RepositoryConfigurationDelegate - Finished Spring Data repository scanning in 41 ms. Found 0 Redis repository interfaces.
[INFO ] 2025-11-20 16:16:04.304 [restartedMain] [paypal-provider-service-PPS] org.springframework.boot.web.embedded.tomcat.TomcatWebServer - Tomcat initialized with port 8083 (http)
[INFO ] 2025-11-20 16:16:04.323 [restartedMain] [paypal-provider-service-PPS] org.apache.coyote.http11.Http11NioProtocol - Initializing ProtocolHandler ["http-nio-8083"]
[INFO ] 2025-11-20 16:16:04.326 [restartedMain] [paypal-provider-service-PPS] org.apache.catalina.core.StandardService - Starting service [Tomcat]
[INFO ] 2025-11-20 16:16:04.327 [restartedMain] [paypal-provider-service-PPS] org.apache.catalina.core.StandardEngine - Starting Servlet engine: [Apache Tomcat/10.1.48]
[INFO ] 2025-11-20 16:16:04.433 [restartedMain] [paypal-provider-service-PPS] org.apache.catalina.core.ContainerBase.[Tomcat].[localhost].[/] - Initializing Spring embedded WebApplicationContext
[INFO ] 2025-11-20 16:16:04.434 [restartedMain] [paypal-provider-service-PPS] org.springframework.boot.web.servlet.context.ServletWebServerApplicationContext - Root WebApplicationContext: initialization completed in 4868 ms
[INFO ] 2025-11-20 16:16:07.900 [restartedMain] [paypal-provider-service-PPS] com.example.demo.config.CustomConfig - Redis cache configuration ...
[INFO ] 2025-11-20 16:16:08.591 [restartedMain] [paypal-provider-service-PPS] org.springframework.validation.beanvalidation.OptionalValidatorFactoryBean - Failed to set up a Bean Validation provider: jakarta.validation.NoProviderFoundException: Unable to create a Configuration, because no Jakarta Bean Validation provider could be found. Add a provider like Hibernate Validator (RI) to your classpath.
[INFO ] 2025-11-20 16:16:10.154 [restartedMain] [paypal-provider-service-PPS] org.springframework.boot.devtools.autoconfigure.OptionalLiveReloadServer - LiveReload server is running on port 35729
[INFO ] 2025-11-20 16:16:10.175 [restartedMain] [paypal-provider-service-PPS] org.springframework.boot.actuate.endpoint.web.EndpointLinksResolver - Exposing 13 endpoints beneath base path '/actuator'
[INFO ] 2025-11-20 16:16:10.343 [restartedMain] [paypal-provider-service-PPS] org.apache.coyote.http11.Http11NioProtocol - Starting ProtocolHandler ["http-nio-8083"]
[INFO ] 2025-11-20 16:16:10.392 [restartedMain] [paypal-provider-service-PPS] org.springframework.boot.web.embedded.tomcat.TomcatWebServer - Tomcat started on port 8083 (http) with context path '/'
[INFO ] 2025-11-20 16:16:10.435 [restartedMain] [paypal-provider-service-PPS] com.example.demo.PayPalProviderServiceDemoApplication - Started PayPalProviderServiceDemoApplication in 13.505 seconds (process running for 15.511)
[INFO ] 2025-11-20 16:16:11.463 [RMI TCP Connection(8)-127.0.0.1] [paypal-provider-service-PPS] org.apache.catalina.core.ContainerBase.[Tomcat].[localhost].[/] - Initializing Spring DispatcherServlet 'dispatcherServlet'
[INFO ] 2025-11-20 16:16:11.464 [RMI TCP Connection(8)-127.0.0.1] [paypal-provider-service-PPS] org.springframework.web.servlet.DispatcherServlet - Initializing Servlet 'dispatcherServlet'
[INFO ] 2025-11-20 16:16:11.468 [RMI TCP Connection(8)-127.0.0.1] [paypal-provider-service-PPS] org.springframework.web.servlet.DispatcherServlet - Completed initialization in 4 ms
[INFO ] 2025-11-20 16:16:30.507 [http-nio-8083-exec-2] [paypal-provider-service-PPS] com.example.demo.controller.PaymentController - Create order request in paypal || CreateOrderReq : CreateOrderReq(currencyCode=USD, amount=32.0, returnUrl=https://example.com/return543Url, cancelUrl=https://example.com/cance543Url) 
[INFO ] 2025-11-20 16:16:30.512 [http-nio-8083-exec-2] [paypal-provider-service-PPS] com.example.demo.service.impl.PaymentServiceImpl - Create order request in payment service impl || CreateOrderReq : CreateOrderReq(currencyCode=USD, amount=32.0, returnUrl=https://example.com/return543Url, cancelUrl=https://example.com/cance543Url) 
[DEBUG] 2025-11-20 16:16:30.512 [http-nio-8083-exec-2] [paypal-provider-service-PPS] com.example.demo.service.TokenService - debugging
[INFO ] 2025-11-20 16:16:30.512 [http-nio-8083-exec-2] [paypal-provider-service-PPS] com.example.demo.service.TokenService - info
[WARN ] 2025-11-20 16:16:30.512 [http-nio-8083-exec-2] [paypal-provider-service-PPS] com.example.demo.service.TokenService - wraning
[ERROR] 2025-11-20 16:16:30.512 [http-nio-8083-exec-2] [paypal-provider-service-PPS] com.example.demo.service.TokenService - error 
[INFO ] 2025-11-20 16:16:30.512 [http-nio-8083-exec-2] [paypal-provider-service-PPS] com.example.demo.service.TokenService - getting access token from TOKEN SERVICE
[INFO ] 2025-11-20 16:16:30.512 [http-nio-8083-exec-2] [paypal-provider-service-PPS] com.example.demo.service.TokenService - No accessToken found in redis, making OAuth api call to PayPal...
[INFO ] 2025-11-20 16:16:30.517 [http-nio-8083-exec-2] [paypal-provider-service-PPS] com.example.demo.service.TokenService - Http request : HttpRequest(url=https://api-m.sandbox.paypal.com/v1/oauth2/token, httpMethod=POST, headers=[Authorization:"Basic QVlfcmRwN3dfa2FEQ2ZZSVlmZFJTWVpGa21VVVBveC1fVE8zR1BUejhfWW91aUxwUENaUkk1UGRSUC1kQ3BhbE40cTBVTGUwYUpuejJ0dkI6RURMRkNRenl4bGpEQkFYbERTRE9hZTlieFJUbWhSOXl5TW5NSXNWNmJ3SHRDbDVGSlhyUXpiVEFqMUs1Mi1rdHhGQmtLa3JHRFVSU2t1dnY=", Content-Type:"application/x-www-form-urlencoded"], body={grant_type=[client_credentials]}) 
[INFO ] 2025-11-20 16:16:32.477 [http-nio-8083-exec-2] [paypal-provider-service-PPS] com.example.demo.http.HttpServiceEngine - Http response : <200 OK OK,{"scope":"https://uri.paypal.com/services/invoicing https://uri.paypal.com/services/checkout/one-click-with-merchant-issued-token https://uri.paypal.com/services/payments/futurepayments https://uri.paypal.com/services/vault/payment-tokens/read https://uri.paypal.com/services/disputes/read-buyer https://uri.paypal.com/services/payments/realtimepayment https://uri.paypal.com/services/subscriptions/confirm-payment https://uri.paypal.com/services/payments/client-payments-eligibility https://api.paypal.com/v1/vault/credit-card https://api.paypal.com/v1/payments/.* https://uri.paypal.com/services/vault/payment-tokens/readwrite https://uri.paypal.com/services/applications/webhooks https://uri.paypal.com/services/pricing/exchange-currency/read https://uri.paypal.com/services/credit/client-offer-presentment/read https://uri.paypal.com/services/disputes/update-seller https://uri.paypal.com/services/payments/payment/authcapture openid Braintree:Vault https://uri.paypal.com/services/disputes/read-seller https://uri.paypal.com/services/payments/orders/client_sdk_orders_api https://uri.paypal.com/services/payments/refund https://uri.paypal.com/services/disputes/create https://uri.paypal.com/services/pricing/quote-exchange-rates/read https://uri.paypal.com/services/documents/disputes/download https://uri.paypal.com/services/billing-agreements https://uri.paypal.com/payments/payouts https://api.paypal.com/v1/vault/credit-card/.* https://uri.paypal.com/services/subscriptions","access_token":"A21AAIMICHhh91NU-tNQWV-bim5c_icvOD6fw12IGlK-bWvU0QhMyRu9X5QTvbrdsJAStd6AQMzu-FFeGQ04ZxSSqI9I3RJXQ","token_type":"Bearer","app_id":"APP-0KA15837D02733232","expires_in":32055,"nonce":"2025-11-20T10:40:45ZiyfBJpWNI1O6MxZ1ejcVNs9px4UiWDIfISHKmw6i7KM"},[Connection:"keep-alive", Content-Type:"application/json", Server:"nginx", Access-Control-Expose-Headers:"Server-Timing", Cache-Control:"max-age=0, no-cache, no-store, must-revalidate", Paypal-Debug-Id:"f2414908a07bd", Pragma:"no-cache", Server-Timing:"traceparent;desc="00-0000000000000000000f2414908a07bd-fe3526145d4c3867-01"", X-Paypal-Token-Service:"IAAS", HTTP_X_PP_AZ_LOCATOR:"ccg18.slc", Strict-Transport-Security:"max-age=31536000; includeSubDomains", Accept-Ranges:"none", Via:"1.1 varnish, 1.1 varnish", Edge-Control:"max-age=0", Date:"Thu, 20 Nov 2025 10:46:30 GMT", X-Served-By:"cache-qpg1221-QPG, cache-hyd1100031-HYD", X-Cache:"MISS, MISS", X-Cache-Hits:"0, 0", X-Timer:"S1763635590.218119,VS0,VE627", Vary:"Accept-Encoding", transfer-encoding:"chunked"]> 
[INFO ] 2025-11-20 16:16:32.508 [http-nio-8083-exec-2] [paypal-provider-service-PPS] com.example.demo.service.TokenService - New access token generated and stored in Redis
[INFO ] 2025-11-20 16:16:32.508 [http-nio-8083-exec-2] [paypal-provider-service-PPS] com.example.demo.service.impl.PaymentServiceImpl - access_token from token service 
[INFO ] 2025-11-20 16:16:32.526 [http-nio-8083-exec-2] [paypal-provider-service-PPS] com.example.demo.service.helper.CreateOrderHelperReq - create order request object : OrderRequest(intent=CAPTURE, purchaseUnits=[PurchaseUnits(amount=Amount(currencyCode=USD, value=32.00))], paymentSource=PaymentSource(paypal=Paypal(experienceContext=ExperienceContext(paymentMethodPreference=IMMEDIATE_PAYMENT_REQUIRED, landingPage=LOGIN, shippingPreference=NO_SHIPPING, userAction=PAY_NOW, returnUrl=https://example.com/return543Url, cancelUrl=https://example.com/cance543Url))))
[INFO ] 2025-11-20 16:16:32.571 [http-nio-8083-exec-2] [paypal-provider-service-PPS] com.example.demo.service.helper.CreateOrderHelperReq - Create Order Request JSON: 
{"intent":"CAPTURE","purchase_units":[{"amount":{"currency_code":"USD","value":"32.00"}}],"payment_source":{"paypal":{"experience_context":{"payment_method_preference":"IMMEDIATE_PAYMENT_REQUIRED","landing_page":"LOGIN","shipping_preference":"NO_SHIPPING","user_action":"PAY_NOW","return_url":"https://example.com/return543Url","cancel_url":"https://example.com/cance543Url"}}}}
[INFO ] 2025-11-20 16:16:32.571 [http-nio-8083-exec-2] [paypal-provider-service-PPS] com.example.demo.service.helper.CreateOrderHelperReq - Prepared HTTP Request for Create Order : HttpRequest(url=https://api-m.sandbox.paypal.com/v2/checkout/orders, httpMethod=POST, headers=[PayPal-Request-Id:"0112427d-b550-4064-bd85-5c994ef52a47", Authorization:"Bearer A21AAIMICHhh91NU-tNQWV-bim5c_icvOD6fw12IGlK-bWvU0QhMyRu9X5QTvbrdsJAStd6AQMzu-FFeGQ04ZxSSqI9I3RJXQ", Content-Type:"application/json"], body={"intent":"CAPTURE","purchase_units":[{"amount":{"currency_code":"USD","value":"32.00"}}],"payment_source":{"paypal":{"experience_context":{"payment_method_preference":"IMMEDIATE_PAYMENT_REQUIRED","landing_page":"LOGIN","shipping_preference":"NO_SHIPPING","user_action":"PAY_NOW","return_url":"https://example.com/return543Url","cancel_url":"https://example.com/cance543Url"}}}}) 
[INFO ] 2025-11-20 16:16:34.229 [http-nio-8083-exec-2] [paypal-provider-service-PPS] com.example.demo.http.HttpServiceEngine - Http response : <200 OK OK,{"id":"1MM78693RG398531J","status":"PAYER_ACTION_REQUIRED","payment_source":{"paypal":{}},"links":[{"href":"https://api.sandbox.paypal.com/v2/checkout/orders/1MM78693RG398531J","rel":"self","method":"GET"},{"href":"https://www.sandbox.paypal.com/checkoutnow?token=1MM78693RG398531J","rel":"payer-action","method":"GET"}]},[Connection:"keep-alive", Content-Type:"application/json", Server:"nginx", Access-Control-Expose-Headers:"Server-Timing", Cache-Control:"max-age=0, no-cache, no-store, must-revalidate", Paypal-Debug-Id:"f11383060f657", Server-Timing:"traceparent;desc="00-0000000000000000000f11383060f657-f2371820a3840f12-01"", HTTP_X_PP_AZ_LOCATOR:"ccg18.slc", Strict-Transport-Security:"max-age=31536000; includeSubDomains", Accept-Ranges:"none", Via:"1.1 varnish, 1.1 varnish", Edge-Control:"max-age=0", Date:"Thu, 20 Nov 2025 10:46:32 GMT", X-Served-By:"cache-qpg120098-QPG, cache-hyd1100031-HYD", X-Cache:"MISS, MISS", X-Cache-Hits:"0, 0", X-Timer:"S1763635591.209224,VS0,VE1330", Vary:"Accept-Encoding", transfer-encoding:"chunked"]> 
[INFO ] 2025-11-20 16:16:34.231 [http-nio-8083-exec-2] [paypal-provider-service-PPS] com.example.demo.service.impl.PaymentServiceImpl - HTTP Response from Create Order : <200 OK OK,{"id":"1MM78693RG398531J","status":"PAYER_ACTION_REQUIRED","payment_source":{"paypal":{}},"links":[{"href":"https://api.sandbox.paypal.com/v2/checkout/orders/1MM78693RG398531J","rel":"self","method":"GET"},{"href":"https://www.sandbox.paypal.com/checkoutnow?token=1MM78693RG398531J","rel":"payer-action","method":"GET"}]},[Connection:"keep-alive", Content-Type:"application/json", Server:"nginx", Access-Control-Expose-Headers:"Server-Timing", Cache-Control:"max-age=0, no-cache, no-store, must-revalidate", Paypal-Debug-Id:"f11383060f657", Server-Timing:"traceparent;desc="00-0000000000000000000f11383060f657-f2371820a3840f12-01"", HTTP_X_PP_AZ_LOCATOR:"ccg18.slc", Strict-Transport-Security:"max-age=31536000; includeSubDomains", Accept-Ranges:"none", Via:"1.1 varnish, 1.1 varnish", Edge-Control:"max-age=0", Date:"Thu, 20 Nov 2025 10:46:32 GMT", X-Served-By:"cache-qpg120098-QPG, cache-hyd1100031-HYD", X-Cache:"MISS, MISS", X-Cache-Hits:"0, 0", X-Timer:"S1763635591.209224,VS0,VE1330", Vary:"Accept-Encoding", transfer-encoding:"chunked"]>  
[INFO ] 2025-11-20 16:16:34.232 [http-nio-8083-exec-2] [paypal-provider-service-PPS] com.example.demo.service.helper.CreateOrderHelperRes - Handling PayPal response in PayPalServiceImpl  || httpResponse : <200 OK OK,{"id":"1MM78693RG398531J","status":"PAYER_ACTION_REQUIRED","payment_source":{"paypal":{}},"links":[{"href":"https://api.sandbox.paypal.com/v2/checkout/orders/1MM78693RG398531J","rel":"self","method":"GET"},{"href":"https://www.sandbox.paypal.com/checkoutnow?token=1MM78693RG398531J","rel":"payer-action","method":"GET"}]},[Connection:"keep-alive", Content-Type:"application/json", Server:"nginx", Access-Control-Expose-Headers:"Server-Timing", Cache-Control:"max-age=0, no-cache, no-store, must-revalidate", Paypal-Debug-Id:"f11383060f657", Server-Timing:"traceparent;desc="00-0000000000000000000f11383060f657-f2371820a3840f12-01"", HTTP_X_PP_AZ_LOCATOR:"ccg18.slc", Strict-Transport-Security:"max-age=31536000; includeSubDomains", Accept-Ranges:"none", Via:"1.1 varnish, 1.1 varnish", Edge-Control:"max-age=0", Date:"Thu, 20 Nov 2025 10:46:32 GMT", X-Served-By:"cache-qpg120098-QPG, cache-hyd1100031-HYD", X-Cache:"MISS, MISS", X-Cache-Hits:"0, 0", X-Timer:"S1763635591.209224,VS0,VE1330", Vary:"Accept-Encoding", transfer-encoding:"chunked"]>
[INFO ] 2025-11-20 16:16:34.250 [http-nio-8083-exec-2] [paypal-provider-service-PPS] com.example.demo.service.helper.CreateOrderHelperRes - Converted Response Body to PaypalOrder : PaypalOrder(id=1MM78693RG398531J, status=PAYER_ACTION_REQUIRED, paymentSource=PaymentSource(paypal=com.example.demo.paypal.res.create.Paypal@531c627d), links=[PaypalLinks(href=https://api.sandbox.paypal.com/v2/checkout/orders/1MM78693RG398531J, rel=self, method=GET), PaypalLinks(href=https://www.sandbox.paypal.com/checkoutnow?token=1MM78693RG398531J, rel=payer-action, method=GET)])
[INFO ] 2025-11-20 16:16:34.258 [http-nio-8083-exec-2] [paypal-provider-service-PPS] com.example.demo.service.helper.CreateOrderHelperRes - Create order response  || CreateOrderRes : CreateOrderRes(orderId=1MM78693RG398531J, paymentStatus=PAYER_ACTION_REQUIRED, redirectUrl=https://www.sandbox.paypal.com/checkoutnow?token=1MM78693RG398531J)
[INFO ] 2025-11-20 16:16:34.260 [http-nio-8083-exec-2] [paypal-provider-service-PPS] com.example.demo.service.helper.CreateOrderHelperRes - Created order successful with status PAYER_ACTION_REQUIRED : CreateOrderRes(orderId=1MM78693RG398531J, paymentStatus=PAYER_ACTION_REQUIRED, redirectUrl=https://www.sandbox.paypal.com/checkoutnow?token=1MM78693RG398531J) 
[INFO ] 2025-11-20 16:16:34.262 [http-nio-8083-exec-2] [paypal-provider-service-PPS] com.example.demo.service.impl.PaymentServiceImpl - Create order response  || CreateOrderRes : CreateOrderRes(orderId=1MM78693RG398531J, paymentStatus=PAYER_ACTION_REQUIRED, redirectUrl=https://www.sandbox.paypal.com/checkoutnow?token=1MM78693RG398531J)
[INFO ] 2025-11-20 16:16:34.263 [http-nio-8083-exec-2] [paypal-provider-service-PPS] com.example.demo.controller.PaymentController - response from payment service : CreateOrderRes(orderId=1MM78693RG398531J, paymentStatus=PAYER_ACTION_REQUIRED, redirectUrl=https://www.sandbox.paypal.com/checkoutnow?token=1MM78693RG398531J) 
[INFO ] 2025-11-20 16:24:13.185 [http-nio-8083-exec-5] [paypal-provider-service-PPS] com.example.demo.controller.PaymentController - Show details of Order ID : 1MM78693RG398531J
[INFO ] 2025-11-20 16:24:13.186 [http-nio-8083-exec-5] [paypal-provider-service-PPS] com.example.demo.service.impl.PaymentServiceImpl - order Id in SHOW Order request : 1MM78693RG398531J 
[DEBUG] 2025-11-20 16:24:13.186 [http-nio-8083-exec-5] [paypal-provider-service-PPS] com.example.demo.service.TokenService - debugging
[INFO ] 2025-11-20 16:24:13.186 [http-nio-8083-exec-5] [paypal-provider-service-PPS] com.example.demo.service.TokenService - info
[WARN ] 2025-11-20 16:24:13.186 [http-nio-8083-exec-5] [paypal-provider-service-PPS] com.example.demo.service.TokenService - wraning
[ERROR] 2025-11-20 16:24:13.186 [http-nio-8083-exec-5] [paypal-provider-service-PPS] com.example.demo.service.TokenService - error 
[INFO ] 2025-11-20 16:24:13.186 [http-nio-8083-exec-5] [paypal-provider-service-PPS] com.example.demo.service.TokenService - getting access token from TOKEN SERVICE
[INFO ] 2025-11-20 16:24:13.186 [http-nio-8083-exec-5] [paypal-provider-service-PPS] com.example.demo.service.TokenService - No accessToken found in redis, making OAuth api call to PayPal...
[INFO ] 2025-11-20 16:24:13.187 [http-nio-8083-exec-5] [paypal-provider-service-PPS] com.example.demo.service.TokenService - Http request : HttpRequest(url=https://api-m.sandbox.paypal.com/v1/oauth2/token, httpMethod=POST, headers=[Authorization:"Basic QVlfcmRwN3dfa2FEQ2ZZSVlmZFJTWVpGa21VVVBveC1fVE8zR1BUejhfWW91aUxwUENaUkk1UGRSUC1kQ3BhbE40cTBVTGUwYUpuejJ0dkI6RURMRkNRenl4bGpEQkFYbERTRE9hZTlieFJUbWhSOXl5TW5NSXNWNmJ3SHRDbDVGSlhyUXpiVEFqMUs1Mi1rdHhGQmtLa3JHRFVSU2t1dnY=", Content-Type:"application/x-www-form-urlencoded"], body={grant_type=[client_credentials]}) 
[INFO ] 2025-11-20 16:24:14.514 [http-nio-8083-exec-5] [paypal-provider-service-PPS] com.example.demo.http.HttpServiceEngine - Http response : <200 OK OK,{"scope":"https://uri.paypal.com/services/invoicing https://uri.paypal.com/services/checkout/one-click-with-merchant-issued-token https://uri.paypal.com/services/payments/futurepayments https://uri.paypal.com/services/vault/payment-tokens/read https://uri.paypal.com/services/disputes/read-buyer https://uri.paypal.com/services/payments/realtimepayment https://uri.paypal.com/services/subscriptions/confirm-payment https://uri.paypal.com/services/payments/client-payments-eligibility https://api.paypal.com/v1/vault/credit-card https://api.paypal.com/v1/payments/.* https://uri.paypal.com/services/vault/payment-tokens/readwrite https://uri.paypal.com/services/applications/webhooks https://uri.paypal.com/services/pricing/exchange-currency/read https://uri.paypal.com/services/credit/client-offer-presentment/read https://uri.paypal.com/services/disputes/update-seller https://uri.paypal.com/services/payments/payment/authcapture openid Braintree:Vault https://uri.paypal.com/services/disputes/read-seller https://uri.paypal.com/services/payments/orders/client_sdk_orders_api https://uri.paypal.com/services/payments/refund https://uri.paypal.com/services/disputes/create https://uri.paypal.com/services/pricing/quote-exchange-rates/read https://uri.paypal.com/services/documents/disputes/download https://uri.paypal.com/services/billing-agreements https://uri.paypal.com/payments/payouts https://api.paypal.com/v1/vault/credit-card/.* https://uri.paypal.com/services/subscriptions","access_token":"A21AAIMICHhh91NU-tNQWV-bim5c_icvOD6fw12IGlK-bWvU0QhMyRu9X5QTvbrdsJAStd6AQMzu-FFeGQ04ZxSSqI9I3RJXQ","token_type":"Bearer","app_id":"APP-0KA15837D02733232","expires_in":31593,"nonce":"2025-11-20T10:40:45ZiyfBJpWNI1O6MxZ1ejcVNs9px4UiWDIfISHKmw6i7KM"},[Connection:"keep-alive", Content-Type:"application/json", Server:"nginx", Access-Control-Expose-Headers:"Server-Timing", Cache-Control:"max-age=0, no-cache, no-store, must-revalidate", Paypal-Debug-Id:"f309323cb6582", Pragma:"no-cache", Server-Timing:"traceparent;desc="00-0000000000000000000f309323cb6582-a22a1a32b721d0a5-01"", X-Paypal-Token-Service:"IAAS", HTTP_X_PP_AZ_LOCATOR:"ccg18.slc", Strict-Transport-Security:"max-age=31536000; includeSubDomains", Accept-Ranges:"none", Via:"1.1 varnish, 1.1 varnish", Edge-Control:"max-age=0", Date:"Thu, 20 Nov 2025 10:54:13 GMT", X-Served-By:"cache-qpg1242-QPG, cache-maa10237-MAA", X-Cache:"MISS, MISS", X-Cache-Hits:"0, 0", X-Timer:"S1763636052.101325,VS0,VE918", Vary:"Accept-Encoding", transfer-encoding:"chunked"]> 
[INFO ] 2025-11-20 16:24:14.518 [http-nio-8083-exec-5] [paypal-provider-service-PPS] com.example.demo.service.TokenService - New access token generated and stored in Redis
[INFO ] 2025-11-20 16:24:14.519 [http-nio-8083-exec-5] [paypal-provider-service-PPS] com.example.demo.service.impl.PaymentServiceImpl - access_token from token service 
[INFO ] 2025-11-20 16:24:14.521 [http-nio-8083-exec-5] [paypal-provider-service-PPS] com.example.demo.service.helper.ShowOrderHelperReq - http request for show order : HttpRequest(url=https://api-m.sandbox.paypal.com/v2/checkout/orders/1MM78693RG398531J, httpMethod=GET, headers=[Authorization:"Bearer A21AAIMICHhh91NU-tNQWV-bim5c_icvOD6fw12IGlK-bWvU0QhMyRu9X5QTvbrdsJAStd6AQMzu-FFeGQ04ZxSSqI9I3RJXQ", Content-Type:"application/json", PayPal-Request-Id:"b0a5b22b-d5a8-42a8-822d-c0174d5b1052"], body=) 
[INFO ] 2025-11-20 16:24:15.083 [http-nio-8083-exec-5] [paypal-provider-service-PPS] com.example.demo.http.HttpServiceEngine - Http response : <200 OK OK,{"id":"1MM78693RG398531J","intent":"CAPTURE","status":"PAYER_ACTION_REQUIRED","payment_source":{"paypal":{}},"purchase_units":[{"reference_id":"default","amount":{"currency_code":"USD","value":"32.00"},"payee":{"email_address":"sb-yd5p746872727@business.example.com","merchant_id":"JKSY7KUD322T6"},"supplementary_data":{"tax_nexus":[]}}],"create_time":"2025-11-20T10:46:32Z","links":[{"href":"https://api.sandbox.paypal.com/v2/checkout/orders/1MM78693RG398531J","rel":"self","method":"GET"},{"href":"https://www.sandbox.paypal.com/checkoutnow?token=1MM78693RG398531J","rel":"payer-action","method":"GET"}]},[Connection:"keep-alive", Content-Type:"application/json", Server:"nginx", Access-Control-Expose-Headers:"Server-Timing", Cache-Control:"max-age=0, no-cache, no-store, must-revalidate", Paypal-Debug-Id:"f991942d20c10", Server-Timing:"traceparent;desc="00-0000000000000000000f991942d20c10-7350f6661def45de-01"", HTTP_X_PP_AZ_LOCATOR:"ccg18.slc", Strict-Transport-Security:"max-age=31536000; includeSubDomains", Accept-Ranges:"none", Via:"1.1 varnish, 1.1 varnish", Edge-Control:"max-age=0", Date:"Thu, 20 Nov 2025 10:54:13 GMT", X-Served-By:"cache-qpg1249-QPG, cache-maa10237-MAA", X-Cache:"MISS, MISS", X-Cache-Hits:"0, 0", X-Timer:"S1763636053.099894,VS0,VE481", Vary:"Accept-Encoding", transfer-encoding:"chunked"]> 
[INFO ] 2025-11-20 16:24:15.085 [http-nio-8083-exec-5] [paypal-provider-service-PPS] com.example.demo.service.impl.PaymentServiceImpl - Http Response for Show Order : <200 OK OK,{"id":"1MM78693RG398531J","intent":"CAPTURE","status":"PAYER_ACTION_REQUIRED","payment_source":{"paypal":{}},"purchase_units":[{"reference_id":"default","amount":{"currency_code":"USD","value":"32.00"},"payee":{"email_address":"sb-yd5p746872727@business.example.com","merchant_id":"JKSY7KUD322T6"},"supplementary_data":{"tax_nexus":[]}}],"create_time":"2025-11-20T10:46:32Z","links":[{"href":"https://api.sandbox.paypal.com/v2/checkout/orders/1MM78693RG398531J","rel":"self","method":"GET"},{"href":"https://www.sandbox.paypal.com/checkoutnow?token=1MM78693RG398531J","rel":"payer-action","method":"GET"}]},[Connection:"keep-alive", Content-Type:"application/json", Server:"nginx", Access-Control-Expose-Headers:"Server-Timing", Cache-Control:"max-age=0, no-cache, no-store, must-revalidate", Paypal-Debug-Id:"f991942d20c10", Server-Timing:"traceparent;desc="00-0000000000000000000f991942d20c10-7350f6661def45de-01"", HTTP_X_PP_AZ_LOCATOR:"ccg18.slc", Strict-Transport-Security:"max-age=31536000; includeSubDomains", Accept-Ranges:"none", Via:"1.1 varnish, 1.1 varnish", Edge-Control:"max-age=0", Date:"Thu, 20 Nov 2025 10:54:13 GMT", X-Served-By:"cache-qpg1249-QPG, cache-maa10237-MAA", X-Cache:"MISS, MISS", X-Cache-Hits:"0, 0", X-Timer:"S1763636053.099894,VS0,VE481", Vary:"Accept-Encoding", transfer-encoding:"chunked"]> 
[INFO ] 2025-11-20 16:24:15.088 [http-nio-8083-exec-5] [paypal-provider-service-PPS] com.example.demo.service.helper.ShowOrderHelperRes - Http Response for Show Order request : <200 OK OK,{"id":"1MM78693RG398531J","intent":"CAPTURE","status":"PAYER_ACTION_REQUIRED","payment_source":{"paypal":{}},"purchase_units":[{"reference_id":"default","amount":{"currency_code":"USD","value":"32.00"},"payee":{"email_address":"sb-yd5p746872727@business.example.com","merchant_id":"JKSY7KUD322T6"},"supplementary_data":{"tax_nexus":[]}}],"create_time":"2025-11-20T10:46:32Z","links":[{"href":"https://api.sandbox.paypal.com/v2/checkout/orders/1MM78693RG398531J","rel":"self","method":"GET"},{"href":"https://www.sandbox.paypal.com/checkoutnow?token=1MM78693RG398531J","rel":"payer-action","method":"GET"}]},[Connection:"keep-alive", Content-Type:"application/json", Server:"nginx", Access-Control-Expose-Headers:"Server-Timing", Cache-Control:"max-age=0, no-cache, no-store, must-revalidate", Paypal-Debug-Id:"f991942d20c10", Server-Timing:"traceparent;desc="00-0000000000000000000f991942d20c10-7350f6661def45de-01"", HTTP_X_PP_AZ_LOCATOR:"ccg18.slc", Strict-Transport-Security:"max-age=31536000; includeSubDomains", Accept-Ranges:"none", Via:"1.1 varnish, 1.1 varnish", Edge-Control:"max-age=0", Date:"Thu, 20 Nov 2025 10:54:13 GMT", X-Served-By:"cache-qpg1249-QPG, cache-maa10237-MAA", X-Cache:"MISS, MISS", X-Cache-Hits:"0, 0", X-Timer:"S1763636053.099894,VS0,VE481", Vary:"Accept-Encoding", transfer-encoding:"chunked"]> 
[INFO ] 2025-11-20 16:24:15.138 [http-nio-8083-exec-5] [paypal-provider-service-PPS] com.example.demo.service.helper.ShowOrderHelperRes - Show Order response from paypal : ShowOrderResponse(id=1MM78693RG398531J, intent=CAPTURE, status=PAYER_ACTION_REQUIRED, paymentSource=PaymentSource(paypal=PayPal()), purchaseUnits=[PurchaseUnit(referenceId=default, amount=Amount(currencyCode=USD, value=32.00), payee=Payee(emailAddress=sb-yd5p746872727@business.example.com, merchantId=JKSY7KUD322T6))], createTime=2025-11-20T10:46:32Z, links=[Link(href=https://api.sandbox.paypal.com/v2/checkout/orders/1MM78693RG398531J, rel=self, method=GET), Link(href=https://www.sandbox.paypal.com/checkoutnow?token=1MM78693RG398531J, rel=payer-action, method=GET)]) 
[INFO ] 2025-11-20 16:24:15.150 [http-nio-8083-exec-5] [paypal-provider-service-PPS] com.example.demo.service.helper.ShowOrderHelperRes - Show Order request || showOrderRes : ShowOrderRes(orderId=1MM78693RG398531J, paymentStatus=PAYER_ACTION_REQUIRED) 
[INFO ] 2025-11-20 16:24:15.157 [http-nio-8083-exec-5] [paypal-provider-service-PPS] com.example.demo.service.helper.ShowOrderHelperRes - Show Order response with required fields  : ShowOrderRes(orderId=1MM78693RG398531J, paymentStatus=PAYER_ACTION_REQUIRED) 
[INFO ] 2025-11-20 16:24:15.158 [http-nio-8083-exec-5] [paypal-provider-service-PPS] com.example.demo.service.impl.PaymentServiceImpl - Show Order Response || ShowOrderRes : ShowOrderRes(orderId=1MM78693RG398531J, paymentStatus=PAYER_ACTION_REQUIRED)  
[INFO ] 2025-11-20 16:24:15.159 [http-nio-8083-exec-5] [paypal-provider-service-PPS] com.example.demo.controller.PaymentController - Response from payment service || SHOW ORDER RESPONSE : ShowOrderRes(orderId=1MM78693RG398531J, paymentStatus=PAYER_ACTION_REQUIRED) 
[INFO ] 2025-11-20 16:25:44.573 [RMI TCP Connection(19)-127.0.0.1] [paypal-provider-service-PPS] org.springframework.boot.admin.SpringApplicationAdminMXBeanRegistrar$SpringApplicationAdmin - Application shutdown requested.
[INFO ] 2025-11-20 16:25:44.590 [RMI TCP Connection(19)-127.0.0.1] [paypal-provider-service-PPS] org.springframework.boot.web.embedded.tomcat.GracefulShutdown - Commencing graceful shutdown. Waiting for active requests to complete
[INFO ] 2025-11-20 16:25:44.597 [tomcat-shutdown] [paypal-provider-service-PPS] org.apache.coyote.http11.Http11NioProtocol - Pausing ProtocolHandler ["http-nio-8083"]
[INFO ] 2025-11-20 16:25:44.621 [tomcat-shutdown] [paypal-provider-service-PPS] org.springframework.boot.web.embedded.tomcat.GracefulShutdown - Graceful shutdown complete
[INFO ] 2025-11-20 16:25:44.623 [RMI TCP Connection(19)-127.0.0.1] [paypal-provider-service-PPS] org.apache.coyote.http11.Http11NioProtocol - Stopping ProtocolHandler ["http-nio-8083"]
